[INFO ] 2021-11-16 06:56:23.469 [main] TransferApplication - Starting TransferApplication using Java 11.0.13 on fedora with PID 6499 (/home/alex/IdeaProjects/PayMyBuddy_transfer/transfer/target/classes started by alex in /home/alex/IdeaProjects/PayMyBuddy_transfer)
[INFO ] 2021-11-16 06:56:23.476 [main] TransferApplication - No active profile set, falling back to default profiles: default
[INFO ] 2021-11-16 06:56:25.885 [main] TransferApplication - Started TransferApplication in 2.647 seconds (JVM running for 3.289)
[INFO ] 2021-11-16 06:56:25.887 [main] TransferApplication - app initialized
[INFO ] 2021-11-16 07:26:14.215 [main] TransferApplication - Starting TransferApplication using Java 11.0.13 on fedora with PID 11503 (/home/alex/IdeaProjects/PayMyBuddy_transfer/transfer/target/classes started by alex in /home/alex/IdeaProjects/PayMyBuddy_transfer)
[INFO ] 2021-11-16 07:26:14.222 [main] TransferApplication - No active profile set, falling back to default profiles: default
[INFO ] 2021-11-16 07:26:16.497 [main] TransferApplication - Started TransferApplication in 2.518 seconds (JVM running for 3.148)
[INFO ] 2021-11-16 07:26:16.500 [main] TransferApplication - app initialized
[INFO ] 2021-11-16 07:36:39.697 [main] TransferApplication - Starting TransferApplication using Java 11.0.13 on fedora with PID 12718 (/home/alex/IdeaProjects/PayMyBuddy_transfer/transfer/target/classes started by alex in /home/alex/IdeaProjects/PayMyBuddy_transfer)
[INFO ] 2021-11-16 07:36:39.703 [main] TransferApplication - No active profile set, falling back to default profiles: default
[INFO ] 2021-11-16 07:36:42.198 [main] TransferApplication - Started TransferApplication in 2.741 seconds (JVM running for 3.35)
[INFO ] 2021-11-16 07:36:42.201 [main] TransferApplication - app initialized
[INFO ] 2021-11-16 08:04:27.109 [main] TransferApplication - Starting TransferApplication using Java 11.0.13 on fedora with PID 15889 (/home/alex/IdeaProjects/PayMyBuddy_transfer/transfer/target/classes started by alex in /home/alex/IdeaProjects/PayMyBuddy_transfer)
[INFO ] 2021-11-16 08:04:27.115 [main] TransferApplication - No active profile set, falling back to default profiles: default
[INFO ] 2021-11-16 08:18:52.981 [main] TransferApplication - Starting TransferApplication using Java 11.0.13 on fedora with PID 19665 (/home/alex/IdeaProjects/PayMyBuddy_transfer/transfer/target/classes started by alex in /home/alex/IdeaProjects/PayMyBuddy_transfer)
[INFO ] 2021-11-16 08:18:52.988 [main] TransferApplication - No active profile set, falling back to default profiles: default
[INFO ] 2021-11-16 08:29:53.453 [main] TransferApplication - Starting TransferApplication using Java 11.0.13 on fedora with PID 21008 (/home/alex/IdeaProjects/PayMyBuddy_transfer/transfer/target/classes started by alex in /home/alex/IdeaProjects/PayMyBuddy_transfer)
[INFO ] 2021-11-16 08:29:53.460 [main] TransferApplication - No active profile set, falling back to default profiles: default
[INFO ] 2021-11-16 08:30:25.424 [main] TransferApplication - Starting TransferApplication using Java 11.0.13 on fedora with PID 21164 (/home/alex/IdeaProjects/PayMyBuddy_transfer/transfer/target/classes started by alex in /home/alex/IdeaProjects/PayMyBuddy_transfer)
[INFO ] 2021-11-16 08:30:25.429 [main] TransferApplication - No active profile set, falling back to default profiles: default
[INFO ] 2021-11-16 08:30:52.986 [main] TransferApplication - Starting TransferApplication using Java 11.0.13 on fedora with PID 21293 (/home/alex/IdeaProjects/PayMyBuddy_transfer/transfer/target/classes started by alex in /home/alex/IdeaProjects/PayMyBuddy_transfer)
[INFO ] 2021-11-16 08:30:52.991 [main] TransferApplication - No active profile set, falling back to default profiles: default
[INFO ] 2021-11-16 08:36:42.526 [main] TransferApplication - Starting TransferApplication using Java 11.0.13 on fedora with PID 22471 (/home/alex/IdeaProjects/PayMyBuddy_transfer/transfer/target/classes started by alex in /home/alex/IdeaProjects/PayMyBuddy_transfer)
[INFO ] 2021-11-16 08:36:42.532 [main] TransferApplication - No active profile set, falling back to default profiles: default
[INFO ] 2021-11-16 08:51:08.802 [main] TransferApplication - Starting TransferApplication using Java 11.0.13 on fedora with PID 23926 (/home/alex/IdeaProjects/PayMyBuddy_transfer/transfer/target/classes started by alex in /home/alex/IdeaProjects/PayMyBuddy_transfer)
[INFO ] 2021-11-16 08:51:08.807 [main] TransferApplication - No active profile set, falling back to default profiles: default
[INFO ] 2021-11-16 08:53:12.981 [main] TransferApplication - Starting TransferApplication using Java 11.0.13 on fedora with PID 24187 (/home/alex/IdeaProjects/PayMyBuddy_transfer/transfer/target/classes started by alex in /home/alex/IdeaProjects/PayMyBuddy_transfer)
[INFO ] 2021-11-16 08:53:12.985 [main] TransferApplication - No active profile set, falling back to default profiles: default
[INFO ] 2021-11-16 09:17:20.201 [main] TransferApplication - Starting TransferApplication using Java 11.0.13 on fedora with PID 26036 (/home/alex/IdeaProjects/PayMyBuddy_transfer/transfer/target/classes started by alex in /home/alex/IdeaProjects/PayMyBuddy_transfer)
[INFO ] 2021-11-16 09:17:20.208 [main] TransferApplication - No active profile set, falling back to default profiles: default
[INFO ] 2021-11-16 09:17:39.031 [main] TransferApplication - Starting TransferApplication using Java 11.0.13 on fedora with PID 26145 (/home/alex/IdeaProjects/PayMyBuddy_transfer/transfer/target/classes started by alex in /home/alex/IdeaProjects/PayMyBuddy_transfer)
[INFO ] 2021-11-16 09:17:39.035 [main] TransferApplication - No active profile set, falling back to default profiles: default
[INFO ] 2021-11-16 09:17:41.441 [main] TransferApplication - Started TransferApplication in 2.693 seconds (JVM running for 3.264)
[INFO ] 2021-11-16 09:17:41.444 [main] TransferApplication - app initialized
[INFO ] 2021-11-16 09:23:50.923 [main] TransferApplication - Starting TransferApplication using Java 11.0.13 on fedora with PID 27519 (/home/alex/IdeaProjects/PayMyBuddy_transfer/transfer/target/classes started by alex in /home/alex/IdeaProjects/PayMyBuddy_transfer)
[INFO ] 2021-11-16 09:23:50.930 [main] TransferApplication - No active profile set, falling back to default profiles: default
[INFO ] 2021-11-16 09:23:53.453 [main] TransferApplication - Started TransferApplication in 2.776 seconds (JVM running for 3.419)
[INFO ] 2021-11-16 09:23:53.455 [main] TransferApplication - app initialized
[INFO ] 2021-11-16 09:31:56.695 [main] TransferApplication - Starting TransferApplication using Java 11.0.13 on fedora with PID 28821 (/home/alex/IdeaProjects/PayMyBuddy_transfer/transfer/target/classes started by alex in /home/alex/IdeaProjects/PayMyBuddy_transfer)
[INFO ] 2021-11-16 09:31:56.701 [main] TransferApplication - No active profile set, falling back to default profiles: default
[INFO ] 2021-11-16 09:31:59.044 [main] TransferApplication - Started TransferApplication in 2.607 seconds (JVM running for 3.312)
[INFO ] 2021-11-16 09:31:59.046 [main] TransferApplication - app initialized
[INFO ] 2021-11-16 09:38:30.000 [main] TransferApplication - Starting TransferApplication using Java 11.0.13 on fedora with PID 30738 (/home/alex/IdeaProjects/PayMyBuddy_transfer/transfer/target/classes started by alex in /home/alex/IdeaProjects/PayMyBuddy_transfer)
[INFO ] 2021-11-16 09:38:30.005 [main] TransferApplication - No active profile set, falling back to default profiles: default
[INFO ] 2021-11-16 09:38:32.611 [main] TransferApplication - Started TransferApplication in 2.841 seconds (JVM running for 3.464)
[INFO ] 2021-11-16 09:38:32.613 [main] TransferApplication - app initialized
[INFO ] 2021-11-16 09:41:49.529 [main] TransferApplication - Starting TransferApplication using Java 11.0.13 on fedora with PID 31373 (/home/alex/IdeaProjects/PayMyBuddy_transfer/transfer/target/classes started by alex in /home/alex/IdeaProjects/PayMyBuddy_transfer)
[INFO ] 2021-11-16 09:41:49.534 [main] TransferApplication - No active profile set, falling back to default profiles: default
[INFO ] 2021-11-16 09:42:15.761 [main] TransferApplication - Starting TransferApplication using Java 11.0.13 on fedora with PID 31508 (/home/alex/IdeaProjects/PayMyBuddy_transfer/transfer/target/classes started by alex in /home/alex/IdeaProjects/PayMyBuddy_transfer)
[INFO ] 2021-11-16 09:42:15.767 [main] TransferApplication - No active profile set, falling back to default profiles: default
[INFO ] 2021-11-16 09:42:18.129 [main] TransferApplication - Started TransferApplication in 2.617 seconds (JVM running for 3.214)
[INFO ] 2021-11-16 09:42:18.131 [main] TransferApplication - app initialized
[INFO ] 2021-11-16 09:43:29.935 [http-nio-8080-exec-2] TransferApplication - getTest
[INFO ] 2021-11-16 09:59:57.275 [main] TransferApplication - Starting TransferApplication using Java 11.0.13 on fedora with PID 33907 (/home/alex/IdeaProjects/PayMyBuddy_transfer/transfer/target/classes started by alex in /home/alex/IdeaProjects/PayMyBuddy_transfer)
[INFO ] 2021-11-16 09:59:57.280 [main] TransferApplication - No active profile set, falling back to default profiles: default
[INFO ] 2021-11-16 09:59:59.644 [main] TransferApplication - Started TransferApplication in 2.576 seconds (JVM running for 3.226)
[INFO ] 2021-11-16 09:59:59.647 [main] TransferApplication - app initialized
[INFO ] 2021-11-16 10:09:36.364 [main] TransferApplication - Starting TransferApplication using Java 11.0.13 on fedora with PID 35257 (/home/alex/IdeaProjects/PayMyBuddy_transfer/transfer/target/classes started by alex in /home/alex/IdeaProjects/PayMyBuddy_transfer)
[INFO ] 2021-11-16 10:09:36.368 [main] TransferApplication - No active profile set, falling back to default profiles: default
[INFO ] 2021-11-16 10:09:38.886 [main] TransferApplication - Started TransferApplication in 2.785 seconds (JVM running for 3.427)
[INFO ] 2021-11-16 10:09:38.888 [main] TransferApplication - app initialized
[INFO ] 2021-11-16 10:15:30.004 [main] TransferApplication - Starting TransferApplication using Java 11.0.13 on fedora with PID 36569 (/home/alex/IdeaProjects/PayMyBuddy_transfer/transfer/target/classes started by alex in /home/alex/IdeaProjects/PayMyBuddy_transfer)
[INFO ] 2021-11-16 10:15:30.010 [main] TransferApplication - No active profile set, falling back to default profiles: default
[INFO ] 2021-11-16 10:15:50.092 [main] TransferApplication - Starting TransferApplication using Java 11.0.13 on fedora with PID 36905 (/home/alex/IdeaProjects/PayMyBuddy_transfer/transfer/target/classes started by alex in /home/alex/IdeaProjects/PayMyBuddy_transfer)
[INFO ] 2021-11-16 10:15:50.097 [main] TransferApplication - No active profile set, falling back to default profiles: default
[INFO ] 2021-11-16 10:16:28.290 [main] TransferApplication - Starting TransferApplication using Java 11.0.13 on fedora with PID 37050 (/home/alex/IdeaProjects/PayMyBuddy_transfer/transfer/target/classes started by alex in /home/alex/IdeaProjects/PayMyBuddy_transfer)
[INFO ] 2021-11-16 10:16:28.295 [main] TransferApplication - No active profile set, falling back to default profiles: default
[INFO ] 2021-11-16 10:17:12.580 [main] TransferApplication - Starting TransferApplication using Java 11.0.13 on fedora with PID 37219 (/home/alex/IdeaProjects/PayMyBuddy_transfer/transfer/target/classes started by alex in /home/alex/IdeaProjects/PayMyBuddy_transfer)
[INFO ] 2021-11-16 10:17:12.585 [main] TransferApplication - No active profile set, falling back to default profiles: default
[INFO ] 2021-11-16 10:19:43.362 [main] TransferApplication - Starting TransferApplication using Java 11.0.13 on fedora with PID 3016 (/home/alex/IdeaProjects/PayMyBuddy_transfer/transfer/target/classes started by alex in /home/alex/IdeaProjects/PayMyBuddy_transfer)
[INFO ] 2021-11-16 10:19:43.367 [main] TransferApplication - No active profile set, falling back to default profiles: default
[INFO ] 2021-11-16 10:19:45.750 [main] TransferApplication - Started TransferApplication in 2.628 seconds (JVM running for 3.371)
[INFO ] 2021-11-16 10:19:45.753 [main] TransferApplication - app initialized
[INFO ] 2021-11-16 10:22:35.326 [main] TransferApplication - Starting TransferApplication using Java 11.0.13 on fedora with PID 3574 (/home/alex/IdeaProjects/PayMyBuddy_transfer/transfer/target/classes started by alex in /home/alex/IdeaProjects/PayMyBuddy_transfer)
[INFO ] 2021-11-16 10:22:35.332 [main] TransferApplication - No active profile set, falling back to default profiles: default
[INFO ] 2021-11-16 10:22:37.608 [main] TransferApplication - Started TransferApplication in 2.622 seconds (JVM running for 3.246)
[INFO ] 2021-11-16 10:22:37.610 [main] TransferApplication - app initialized
[INFO ] 2021-11-16 10:25:43.165 [main] TransferApplication - Starting TransferApplication using Java 11.0.13 on fedora with PID 3831 (/home/alex/IdeaProjects/PayMyBuddy_transfer/transfer/target/classes started by alex in /home/alex/IdeaProjects/PayMyBuddy_transfer)
[INFO ] 2021-11-16 10:25:43.169 [main] TransferApplication - No active profile set, falling back to default profiles: default
[INFO ] 2021-11-16 10:25:45.601 [main] TransferApplication - Started TransferApplication in 2.702 seconds (JVM running for 3.311)
[INFO ] 2021-11-16 10:25:45.604 [main] TransferApplication - app initialized
[INFO ] 2021-11-16 10:27:55.336 [main] TransferApplication - Starting TransferApplication using Java 11.0.13 on fedora with PID 3983 (/home/alex/IdeaProjects/PayMyBuddy_transfer/transfer/target/classes started by alex in /home/alex/IdeaProjects/PayMyBuddy_transfer)
[INFO ] 2021-11-16 10:27:55.343 [main] TransferApplication - No active profile set, falling back to default profiles: default
[INFO ] 2021-11-16 10:27:57.619 [main] TransferApplication - Started TransferApplication in 2.556 seconds (JVM running for 3.131)
[INFO ] 2021-11-16 10:27:57.621 [main] TransferApplication - app initialized
[INFO ] 2021-11-16 10:28:36.913 [main] TransferApplication - Starting TransferApplication using Java 11.0.13 on fedora with PID 4113 (/home/alex/IdeaProjects/PayMyBuddy_transfer/transfer/target/classes started by alex in /home/alex/IdeaProjects/PayMyBuddy_transfer)
[INFO ] 2021-11-16 10:28:36.919 [main] TransferApplication - No active profile set, falling back to default profiles: default
[INFO ] 2021-11-16 10:28:39.081 [main] TransferApplication - Started TransferApplication in 2.422 seconds (JVM running for 3.009)
[INFO ] 2021-11-16 10:28:39.084 [main] TransferApplication - app initialized
[INFO ] 2021-11-16 10:29:30.673 [main] TransferApplication - Starting TransferApplication using Java 11.0.13 on fedora with PID 4238 (/home/alex/IdeaProjects/PayMyBuddy_transfer/transfer/target/classes started by alex in /home/alex/IdeaProjects/PayMyBuddy_transfer)
[INFO ] 2021-11-16 10:29:30.678 [main] TransferApplication - No active profile set, falling back to default profiles: default
[INFO ] 2021-11-16 10:29:32.822 [main] TransferApplication - Started TransferApplication in 2.399 seconds (JVM running for 2.967)
[INFO ] 2021-11-16 10:29:32.824 [main] TransferApplication - app initialized
[INFO ] 2021-11-16 10:38:52.813 [main] TransferApplication - Starting TransferApplication using Java 11.0.13 on fedora with PID 5457 (/home/alex/IdeaProjects/PayMyBuddy_transfer/transfer/target/classes started by alex in /home/alex/IdeaProjects/PayMyBuddy_transfer)
[INFO ] 2021-11-16 10:38:52.820 [main] TransferApplication - No active profile set, falling back to default profiles: default
[INFO ] 2021-11-16 10:41:25.409 [main] TransferApplication - Starting TransferApplication using Java 11.0.13 on fedora with PID 3419 (/home/alex/IdeaProjects/PayMyBuddy_transfer/transfer/target/classes started by alex in /home/alex/IdeaProjects/PayMyBuddy_transfer)
[INFO ] 2021-11-16 10:41:25.415 [main] TransferApplication - No active profile set, falling back to default profiles: default
[INFO ] 2021-11-16 10:41:27.884 [main] TransferApplication - Started TransferApplication in 2.734 seconds (JVM running for 3.475)
[INFO ] 2021-11-16 10:41:27.886 [main] TransferApplication - app initialized
[INFO ] 2021-11-16 10:46:31.170 [main] TransferApplication - Starting TransferApplication using Java 11.0.13 on fedora with PID 4241 (/home/alex/IdeaProjects/PayMyBuddy_transfer/transfer/target/classes started by alex in /home/alex/IdeaProjects/PayMyBuddy_transfer)
[INFO ] 2021-11-16 10:46:31.176 [main] TransferApplication - No active profile set, falling back to default profiles: default
[INFO ] 2021-11-16 10:46:33.565 [main] TransferApplication - Started TransferApplication in 2.638 seconds (JVM running for 3.26)
[INFO ] 2021-11-16 10:46:33.568 [main] TransferApplication - app initialized
[INFO ] 2021-11-16 10:47:25.319 [main] TransferApplication - Starting TransferApplication using Java 11.0.13 on fedora with PID 4421 (/home/alex/IdeaProjects/PayMyBuddy_transfer/transfer/target/classes started by alex in /home/alex/IdeaProjects/PayMyBuddy_transfer)
[INFO ] 2021-11-16 10:47:25.325 [main] TransferApplication - No active profile set, falling back to default profiles: default
[INFO ] 2021-11-16 10:47:27.646 [main] TransferApplication - Started TransferApplication in 2.571 seconds (JVM running for 3.162)
[INFO ] 2021-11-16 10:47:27.649 [main] TransferApplication - app initialized
[INFO ] 2021-11-16 10:49:56.591 [main] TransferApplication - Starting TransferApplication using Java 11.0.13 on fedora with PID 4741 (/home/alex/IdeaProjects/PayMyBuddy_transfer/transfer/target/classes started by alex in /home/alex/IdeaProjects/PayMyBuddy_transfer)
[INFO ] 2021-11-16 10:49:56.596 [main] TransferApplication - No active profile set, falling back to default profiles: default
[INFO ] 2021-11-16 10:49:59.055 [main] TransferApplication - Started TransferApplication in 2.72 seconds (JVM running for 3.3)
[INFO ] 2021-11-16 10:49:59.057 [main] TransferApplication - app initialized
[INFO ] 2021-11-16 10:52:17.924 [main] TransferApplication - Starting TransferApplication using Java 11.0.13 on fedora with PID 5056 (/home/alex/IdeaProjects/PayMyBuddy_transfer/transfer/target/classes started by alex in /home/alex/IdeaProjects/PayMyBuddy_transfer)
[INFO ] 2021-11-16 10:52:17.929 [main] TransferApplication - No active profile set, falling back to default profiles: default
[INFO ] 2021-11-16 10:57:42.921 [main] TransferApplication - Starting TransferApplication using Java 11.0.13 on fedora with PID 6141 (/home/alex/IdeaProjects/PayMyBuddy_transfer/transfer/target/classes started by alex in /home/alex/IdeaProjects/PayMyBuddy_transfer)
[INFO ] 2021-11-16 10:57:42.926 [main] TransferApplication - No active profile set, falling back to default profiles: default
[INFO ] 2021-11-16 10:57:45.313 [main] TransferApplication - Started TransferApplication in 2.641 seconds (JVM running for 3.44)
[INFO ] 2021-11-16 10:57:45.316 [main] TransferApplication - app initialized
[INFO ] 2021-11-16 10:59:05.464 [main] TransferApplication - Starting TransferApplication using Java 11.0.13 on fedora with PID 6569 (/home/alex/IdeaProjects/PayMyBuddy_transfer/transfer/target/classes started by alex in /home/alex/IdeaProjects/PayMyBuddy_transfer)
[INFO ] 2021-11-16 10:59:05.470 [main] TransferApplication - No active profile set, falling back to default profiles: default
[INFO ] 2021-11-16 10:59:07.812 [main] TransferApplication - Started TransferApplication in 2.583 seconds (JVM running for 3.287)
[INFO ] 2021-11-16 10:59:07.814 [main] TransferApplication - app initialized
[INFO ] 2021-11-16 10:59:48.075 [main] TransferApplication - Starting TransferApplication using Java 11.0.13 on fedora with PID 6701 (/home/alex/IdeaProjects/PayMyBuddy_transfer/transfer/target/classes started by alex in /home/alex/IdeaProjects/PayMyBuddy_transfer)
[INFO ] 2021-11-16 10:59:48.080 [main] TransferApplication - No active profile set, falling back to default profiles: default
[INFO ] 2021-11-16 10:59:50.415 [main] TransferApplication - Started TransferApplication in 2.602 seconds (JVM running for 3.286)
[INFO ] 2021-11-16 10:59:50.417 [main] TransferApplication - app initialized
[INFO ] 2021-11-16 11:02:26.977 [main] TransferApplication - Starting TransferApplication using Java 11.0.13 on fedora with PID 7201 (/home/alex/IdeaProjects/PayMyBuddy_transfer/transfer/target/classes started by alex in /home/alex/IdeaProjects/PayMyBuddy_transfer)
[INFO ] 2021-11-16 11:02:26.983 [main] TransferApplication - No active profile set, falling back to default profiles: default
[INFO ] 2021-11-16 11:02:29.189 [main] TransferApplication - Started TransferApplication in 2.454 seconds (JVM running for 3.078)
[INFO ] 2021-11-16 11:02:29.191 [main] TransferApplication - app initialized
[INFO ] 2021-11-16 11:05:37.477 [main] TransferApplication - Starting TransferApplication using Java 11.0.13 on fedora with PID 7611 (/home/alex/IdeaProjects/PayMyBuddy_transfer/transfer/target/classes started by alex in /home/alex/IdeaProjects/PayMyBuddy_transfer)
[INFO ] 2021-11-16 11:05:37.483 [main] TransferApplication - No active profile set, falling back to default profiles: default
[INFO ] 2021-11-16 11:07:47.399 [main] TransferApplication - Starting TransferApplication using Java 11.0.13 on fedora with PID 7856 (/home/alex/IdeaProjects/PayMyBuddy_transfer/transfer/target/classes started by alex in /home/alex/IdeaProjects/PayMyBuddy_transfer)
[INFO ] 2021-11-16 11:07:47.404 [main] TransferApplication - No active profile set, falling back to default profiles: default
[INFO ] 2021-11-16 11:07:49.693 [main] TransferApplication - Started TransferApplication in 2.53 seconds (JVM running for 3.118)
[INFO ] 2021-11-16 11:07:49.695 [main] TransferApplication - app initialized
[INFO ] 2021-11-16 11:10:24.412 [main] TransferApplication - Starting TransferApplication using Java 11.0.13 on fedora with PID 8048 (/home/alex/IdeaProjects/PayMyBuddy_transfer/transfer/target/classes started by alex in /home/alex/IdeaProjects/PayMyBuddy_transfer)
[INFO ] 2021-11-16 11:10:24.416 [main] TransferApplication - No active profile set, falling back to default profiles: default
[INFO ] 2021-11-16 11:10:26.601 [main] TransferApplication - Started TransferApplication in 2.449 seconds (JVM running for 3.031)
[INFO ] 2021-11-16 11:10:26.603 [main] TransferApplication - app initialized
[INFO ] 2021-11-16 11:15:01.060 [main] TransferApplication - Starting TransferApplication using Java 11.0.13 on fedora with PID 8335 (/home/alex/IdeaProjects/PayMyBuddy_transfer/transfer/target/classes started by alex in /home/alex/IdeaProjects/PayMyBuddy_transfer)
[INFO ] 2021-11-16 11:15:01.065 [main] TransferApplication - No active profile set, falling back to default profiles: default
[INFO ] 2021-11-16 11:15:03.397 [main] TransferApplication - Started TransferApplication in 2.573 seconds (JVM running for 3.131)
[INFO ] 2021-11-16 11:15:03.399 [main] TransferApplication - app initialized
[INFO ] 2021-11-16 11:21:49.294 [main] TransferApplication - Starting TransferApplication using Java 11.0.13 on fedora with PID 8676 (/home/alex/IdeaProjects/PayMyBuddy_transfer/transfer/target/classes started by alex in /home/alex/IdeaProjects/PayMyBuddy_transfer)
[INFO ] 2021-11-16 11:21:49.299 [main] TransferApplication - No active profile set, falling back to default profiles: default
[INFO ] 2021-11-16 11:21:51.530 [main] TransferApplication - Started TransferApplication in 2.49 seconds (JVM running for 3.087)
[INFO ] 2021-11-16 11:21:51.532 [main] TransferApplication - app initialized
[INFO ] 2021-11-16 11:26:05.788 [main] TransferApplication - Starting TransferApplication using Java 11.0.13 on fedora with PID 8927 (/home/alex/IdeaProjects/PayMyBuddy_transfer/transfer/target/classes started by alex in /home/alex/IdeaProjects/PayMyBuddy_transfer)
[INFO ] 2021-11-16 11:26:05.793 [main] TransferApplication - No active profile set, falling back to default profiles: default
[INFO ] 2021-11-16 11:26:08.059 [main] TransferApplication - Started TransferApplication in 2.524 seconds (JVM running for 3.119)
[INFO ] 2021-11-16 11:26:08.062 [main] TransferApplication - app initialized
[INFO ] 2021-11-16 11:30:45.472 [main] TransferApplication - Starting TransferApplication using Java 11.0.13 on fedora with PID 9224 (/home/alex/IdeaProjects/PayMyBuddy_transfer/transfer/target/classes started by alex in /home/alex/IdeaProjects/PayMyBuddy_transfer)
[INFO ] 2021-11-16 11:30:45.477 [main] TransferApplication - No active profile set, falling back to default profiles: default
[INFO ] 2021-11-16 11:30:47.593 [main] TransferApplication - Started TransferApplication in 2.377 seconds (JVM running for 2.982)
[INFO ] 2021-11-16 11:30:47.595 [main] TransferApplication - app initialized
[INFO ] 2021-11-16 11:32:45.886 [main] TransferApplication - Starting TransferApplication using Java 11.0.13 on fedora with PID 9401 (/home/alex/IdeaProjects/PayMyBuddy_transfer/transfer/target/classes started by alex in /home/alex/IdeaProjects/PayMyBuddy_transfer)
[INFO ] 2021-11-16 11:32:45.891 [main] TransferApplication - No active profile set, falling back to default profiles: default
[INFO ] 2021-11-16 11:32:48.146 [main] TransferApplication - Started TransferApplication in 2.511 seconds (JVM running for 3.149)
[INFO ] 2021-11-16 11:32:48.148 [main] TransferApplication - app initialized
[INFO ] 2021-11-16 11:35:36.151 [main] TransferApplication - Starting TransferApplication using Java 11.0.13 on fedora with PID 10037 (/home/alex/IdeaProjects/PayMyBuddy_transfer/transfer/target/classes started by alex in /home/alex/IdeaProjects/PayMyBuddy_transfer)
[INFO ] 2021-11-16 11:35:36.156 [main] TransferApplication - No active profile set, falling back to default profiles: default
[INFO ] 2021-11-16 11:35:38.405 [main] TransferApplication - Started TransferApplication in 2.541 seconds (JVM running for 3.198)
[INFO ] 2021-11-16 11:35:38.407 [main] TransferApplication - app initialized
[INFO ] 2021-11-16 11:45:19.569 [main] TransferApplication - Starting TransferApplication using Java 11.0.13 on fedora with PID 11440 (/home/alex/IdeaProjects/PayMyBuddy_transfer/transfer/target/classes started by alex in /home/alex/IdeaProjects/PayMyBuddy_transfer)
[INFO ] 2021-11-16 11:45:19.573 [main] TransferApplication - No active profile set, falling back to default profiles: default
[INFO ] 2021-11-16 11:45:21.930 [main] TransferApplication - Started TransferApplication in 2.615 seconds (JVM running for 3.209)
[INFO ] 2021-11-16 11:45:21.932 [main] TransferApplication - app initialized
[INFO ] 2021-11-16 11:46:18.094 [main] TransferApplication - Starting TransferApplication using Java 11.0.13 on fedora with PID 11665 (/home/alex/IdeaProjects/PayMyBuddy_transfer/transfer/target/classes started by alex in /home/alex/IdeaProjects/PayMyBuddy_transfer)
[INFO ] 2021-11-16 11:46:18.099 [main] TransferApplication - No active profile set, falling back to default profiles: default
[INFO ] 2021-11-16 11:46:20.537 [main] TransferApplication - Started TransferApplication in 2.689 seconds (JVM running for 3.285)
[INFO ] 2021-11-16 11:46:20.540 [main] TransferApplication - app initialized
[INFO ] 2021-11-16 11:47:50.552 [http-nio-8080-exec-10] TransferApplication - getTest
[INFO ] 2021-11-16 11:47:54.595 [http-nio-8080-exec-4] TransferApplication - userName: user2@spring.omg - buddy: user2@spring.omg
[INFO ] 2021-11-16 11:47:54.607 [http-nio-8080-exec-8] TransferApplication - getTest
[INFO ] 2021-11-16 11:47:59.882 [http-nio-8080-exec-2] TransferApplication - userName: user2@spring.omg - buddy: user2@spring.omg
[INFO ] 2021-11-16 11:47:59.893 [http-nio-8080-exec-6] TransferApplication - getTest
[INFO ] 2021-11-16 11:58:52.440 [main] TransferApplication - Starting TransferApplication using Java 11.0.13 on fedora with PID 13271 (/home/alex/IdeaProjects/PayMyBuddy_transfer/transfer/target/classes started by alex in /home/alex/IdeaProjects/PayMyBuddy_transfer)
[INFO ] 2021-11-16 11:58:52.447 [main] TransferApplication - No active profile set, falling back to default profiles: default
[INFO ] 2021-11-16 12:00:28.836 [main] TransferApplication - Starting TransferApplication using Java 11.0.13 on fedora with PID 13548 (/home/alex/IdeaProjects/PayMyBuddy_transfer/transfer/target/classes started by alex in /home/alex/IdeaProjects/PayMyBuddy_transfer)
[INFO ] 2021-11-16 12:00:28.842 [main] TransferApplication - No active profile set, falling back to default profiles: default
[INFO ] 2021-11-16 12:05:58.662 [main] TransferApplication - Starting TransferApplication using Java 11.0.13 on fedora with PID 14366 (/home/alex/IdeaProjects/PayMyBuddy_transfer/transfer/target/classes started by alex in /home/alex/IdeaProjects/PayMyBuddy_transfer)
[INFO ] 2021-11-16 12:05:58.670 [main] TransferApplication - No active profile set, falling back to default profiles: default
[INFO ] 2021-11-16 12:06:41.567 [main] TransferApplication - Starting TransferApplication using Java 11.0.13 on fedora with PID 14541 (/home/alex/IdeaProjects/PayMyBuddy_transfer/transfer/target/classes started by alex in /home/alex/IdeaProjects/PayMyBuddy_transfer)
[INFO ] 2021-11-16 12:06:41.573 [main] TransferApplication - No active profile set, falling back to default profiles: default
[INFO ] 2021-11-16 12:08:58.516 [main] TransferApplication - Starting TransferApplication using Java 11.0.13 on fedora with PID 14875 (/home/alex/IdeaProjects/PayMyBuddy_transfer/transfer/target/classes started by alex in /home/alex/IdeaProjects/PayMyBuddy_transfer)
[INFO ] 2021-11-16 12:08:58.523 [main] TransferApplication - No active profile set, falling back to default profiles: default
[INFO ] 2021-11-16 12:09:43.722 [main] TransferApplication - Starting TransferApplication using Java 11.0.13 on fedora with PID 15050 (/home/alex/IdeaProjects/PayMyBuddy_transfer/transfer/target/classes started by alex in /home/alex/IdeaProjects/PayMyBuddy_transfer)
[INFO ] 2021-11-16 12:09:43.728 [main] TransferApplication - No active profile set, falling back to default profiles: default
[INFO ] 2021-11-16 12:10:12.059 [main] TransferApplication - Starting TransferApplication using Java 11.0.13 on fedora with PID 15185 (/home/alex/IdeaProjects/PayMyBuddy_transfer/transfer/target/classes started by alex in /home/alex/IdeaProjects/PayMyBuddy_transfer)
[INFO ] 2021-11-16 12:10:12.064 [main] TransferApplication - No active profile set, falling back to default profiles: default
[INFO ] 2021-11-16 12:11:34.791 [main] TransferApplication - Starting TransferApplication using Java 11.0.13 on fedora with PID 15450 (/home/alex/IdeaProjects/PayMyBuddy_transfer/transfer/target/classes started by alex in /home/alex/IdeaProjects/PayMyBuddy_transfer)
[INFO ] 2021-11-16 12:11:34.796 [main] TransferApplication - No active profile set, falling back to default profiles: default
[INFO ] 2021-11-16 12:12:09.832 [main] TransferApplication - Starting TransferApplication using Java 11.0.13 on fedora with PID 15590 (/home/alex/IdeaProjects/PayMyBuddy_transfer/transfer/target/classes started by alex in /home/alex/IdeaProjects/PayMyBuddy_transfer)
[INFO ] 2021-11-16 12:12:09.837 [main] TransferApplication - No active profile set, falling back to default profiles: default
[INFO ] 2021-11-16 12:12:59.668 [main] TransferApplication - Starting TransferApplication using Java 11.0.13 on fedora with PID 15766 (/home/alex/IdeaProjects/PayMyBuddy_transfer/transfer/target/classes started by alex in /home/alex/IdeaProjects/PayMyBuddy_transfer)
[INFO ] 2021-11-16 12:12:59.674 [main] TransferApplication - No active profile set, falling back to default profiles: default
[INFO ] 2021-11-16 12:13:02.042 [main] TransferApplication - Started TransferApplication in 2.623 seconds (JVM running for 3.211)
[INFO ] 2021-11-16 12:13:02.045 [main] TransferApplication - app initialized
[INFO ] 2021-11-16 12:17:10.139 [main] TransferApplication - Starting TransferApplication using Java 11.0.13 on fedora with PID 16261 (/home/alex/IdeaProjects/PayMyBuddy_transfer/transfer/target/classes started by alex in /home/alex/IdeaProjects/PayMyBuddy_transfer)
[INFO ] 2021-11-16 12:17:10.145 [main] TransferApplication - No active profile set, falling back to default profiles: default
[INFO ] 2021-11-16 12:30:34.826 [main] TransferApplication - Starting TransferApplication using Java 11.0.13 on fedora with PID 16704 (/home/alex/IdeaProjects/PayMyBuddy_transfer/transfer/target/classes started by alex in /home/alex/IdeaProjects/PayMyBuddy_transfer)
[INFO ] 2021-11-16 12:30:34.833 [main] TransferApplication - No active profile set, falling back to default profiles: default
[INFO ] 2021-11-16 12:35:28.467 [main] TransferApplication - Starting TransferApplication using Java 11.0.13 on fedora with PID 16896 (/home/alex/IdeaProjects/PayMyBuddy_transfer/transfer/target/classes started by alex in /home/alex/IdeaProjects/PayMyBuddy_transfer)
[INFO ] 2021-11-16 12:35:28.472 [main] TransferApplication - No active profile set, falling back to default profiles: default
[INFO ] 2021-11-16 12:43:24.991 [main] TransferApplication - Starting TransferApplication using Java 11.0.13 on fedora with PID 17235 (/home/alex/IdeaProjects/PayMyBuddy_transfer/transfer/target/classes started by alex in /home/alex/IdeaProjects/PayMyBuddy_transfer)
[INFO ] 2021-11-16 12:43:24.996 [main] TransferApplication - No active profile set, falling back to default profiles: default
[INFO ] 2021-11-16 12:43:32.267 [main] TransferApplication - Starting TransferApplication using Java 11.0.13 on fedora with PID 17312 (/home/alex/IdeaProjects/PayMyBuddy_transfer/transfer/target/classes started by alex in /home/alex/IdeaProjects/PayMyBuddy_transfer)
[INFO ] 2021-11-16 12:43:32.274 [main] TransferApplication - No active profile set, falling back to default profiles: default
[INFO ] 2021-11-16 12:46:15.585 [main] TransferApplication - Starting TransferApplication using Java 11.0.13 on fedora with PID 17473 (/home/alex/IdeaProjects/PayMyBuddy_transfer/transfer/target/classes started by alex in /home/alex/IdeaProjects/PayMyBuddy_transfer)
[INFO ] 2021-11-16 12:46:15.592 [main] TransferApplication - No active profile set, falling back to default profiles: default
[INFO ] 2021-11-16 12:46:17.882 [main] TransferApplication - Started TransferApplication in 2.587 seconds (JVM running for 3.169)
[INFO ] 2021-11-16 12:46:17.884 [main] TransferApplication - app initialized
[INFO ] 2021-11-16 12:47:44.997 [main] TransferApplication - Starting TransferApplication using Java 11.0.13 on fedora with PID 17596 (/home/alex/IdeaProjects/PayMyBuddy_transfer/transfer/target/classes started by alex in /home/alex/IdeaProjects/PayMyBuddy_transfer)
[INFO ] 2021-11-16 12:47:45.003 [main] TransferApplication - No active profile set, falling back to default profiles: default
[INFO ] 2021-11-16 12:47:47.369 [main] TransferApplication - Started TransferApplication in 2.619 seconds (JVM running for 3.217)
[INFO ] 2021-11-16 12:47:47.371 [main] TransferApplication - app initialized
[INFO ] 2021-11-16 12:48:23.070 [http-nio-8080-exec-3] TransferApplication - getTest
[INFO ] 2021-11-16 12:48:28.447 [http-nio-8080-exec-7] TransferApplication - userName: user@spring.omg - buddy: user@spring.omg
[INFO ] 2021-11-16 12:48:28.458 [http-nio-8080-exec-9] TransferApplication - getTest
[INFO ] 2021-11-16 12:48:34.572 [http-nio-8080-exec-2] TransferApplication - userName: user@spring.omg - buddy: user@spring.omg
[INFO ] 2021-11-16 12:49:08.671 [http-nio-8080-exec-5] TransferApplication - getTest
[INFO ] 2021-11-16 12:49:11.589 [http-nio-8080-exec-6] TransferApplication - getTest
[INFO ] 2021-11-16 12:50:22.350 [main] TransferApplication - Starting TransferApplication using Java 11.0.13 on fedora with PID 17824 (/home/alex/IdeaProjects/PayMyBuddy_transfer/transfer/target/classes started by alex in /home/alex/IdeaProjects/PayMyBuddy_transfer)
[INFO ] 2021-11-16 12:50:22.355 [main] TransferApplication - No active profile set, falling back to default profiles: default
[INFO ] 2021-11-16 12:50:24.626 [main] TransferApplication - Started TransferApplication in 2.52 seconds (JVM running for 3.126)
[INFO ] 2021-11-16 12:50:24.628 [main] TransferApplication - app initialized
[INFO ] 2021-11-16 12:52:03.015 [http-nio-8080-exec-3] TransferApplication - getTest
[INFO ] 2021-11-16 12:52:05.372 [http-nio-8080-exec-7] TransferApplication - UserAccount{id=1, balance=1000.0, user=User{email='user@spring.omg', firstName='user', lastName='0', password='$2a$10$LQnLPkHzkFJDMtbpudxNWuCSnrnoqKlQuvCCmal1hHovWnOaSaiTG', role='USER', phone='06'}}
[INFO ] 2021-11-16 12:52:05.376 [http-nio-8080-exec-7] TransferApplication - iban
[INFO ] 2021-11-16 12:52:06.552 [http-nio-8080-exec-1] TransferApplication - getTest
[INFO ] 2021-11-16 12:52:08.407 [http-nio-8080-exec-3] TransferApplication - UserAccount{id=1, balance=1000.0, user=User{email='user@spring.omg', firstName='user', lastName='0', password='$2a$10$LQnLPkHzkFJDMtbpudxNWuCSnrnoqKlQuvCCmal1hHovWnOaSaiTG', role='USER', phone='06'}}
[INFO ] 2021-11-16 12:52:10.578 [http-nio-8080-exec-6] TransferApplication - getTest
[INFO ] 2021-11-16 12:52:17.073 [http-nio-8080-exec-1] TransferApplication - 50.0
[INFO ] 2021-11-16 12:52:17.074 [http-nio-8080-exec-1] TransferApplication - iban
[INFO ] 2021-11-16 12:52:17.077 [http-nio-8080-exec-1] TransferApplication - UserAccount{id=1, balance=1000.0, user=User{email='user@spring.omg', firstName='user', lastName='0', password='$2a$10$LQnLPkHzkFJDMtbpudxNWuCSnrnoqKlQuvCCmal1hHovWnOaSaiTG', role='USER', phone='06'}}
[INFO ] 2021-11-16 12:52:17.088 [http-nio-8080-exec-1] TransferApplication - TransactionBank{id=1, date=Tue Nov 16 12:52:17 CET 2021, amount=50.0, fromBank=false, bankAccount=com.payMyBuddy.transfer.model.BankAccount@55f7cc25}
[INFO ] 2021-11-16 12:52:19.315 [http-nio-8080-exec-6] TransferApplication - getTest
[INFO ] 2021-11-16 12:52:24.695 [http-nio-8080-exec-1] TransferApplication - userName: user@spring.omg - buddy: user2@spring.omg
[INFO ] 2021-11-16 12:52:24.710 [http-nio-8080-exec-2] TransferApplication - getTest
[INFO ] 2021-11-16 12:52:29.928 [http-nio-8080-exec-5] TransferApplication - userName: user@spring.omg - buddy: user2@spring.omg
[INFO ] 2021-11-16 12:52:32.433 [http-nio-8080-exec-2] TransferApplication - getTest
[INFO ] 2021-11-16 12:52:41.020 [http-nio-8080-exec-6] TransferApplication - 10.0
[INFO ] 2021-11-16 12:52:41.020 [http-nio-8080-exec-6] TransferApplication - user2@spring.omg
[INFO ] 2021-11-16 12:52:41.029 [http-nio-8080-exec-6] TransferApplication - Transaction{id=0, date=null, amount=0.0}
[INFO ] 2021-11-16 12:52:41.042 [http-nio-8080-exec-4] TransferApplication - getTest
[INFO ] 2021-11-16 12:52:48.357 [http-nio-8080-exec-8] TransferApplication - 20.0
[INFO ] 2021-11-16 12:52:48.357 [http-nio-8080-exec-8] TransferApplication - user2@spring.omg
[INFO ] 2021-11-16 12:52:48.367 [http-nio-8080-exec-8] TransferApplication - Transaction{id=0, date=null, amount=0.0}
[INFO ] 2021-11-16 12:52:48.377 [http-nio-8080-exec-1] TransferApplication - getTest
[INFO ] 2021-11-16 12:52:58.679 [http-nio-8080-exec-4] TransferApplication - user before update: User{email='user@spring.omg', firstName='user', lastName='0', password='$2a$10$LQnLPkHzkFJDMtbpudxNWuCSnrnoqKlQuvCCmal1hHovWnOaSaiTG', role='USER', phone='06'}
[INFO ] 2021-11-16 12:52:58.680 [http-nio-8080-exec-4] TransferApplication - update:User{email='user3@spring.omg', firstName='user', lastName='0', password='123', role='null', phone='06'}
[INFO ] 2021-11-16 12:52:58.749 [http-nio-8080-exec-4] TransferApplication - user has been updated: User{email='user3@spring.omg', firstName='user', lastName='0', password='$2a$10$mzQ9dG1bKcLge8hrPDYTX.Pe5fsibbhBacyGjNRaAp3mrBXOKPY8C', role='USER', phone='06'}
[INFO ] 2021-11-16 13:12:38.914 [main] TransferApplication - Starting TransferApplication using Java 11.0.13 on fedora with PID 20655 (/home/alex/IdeaProjects/PayMyBuddy_transfer/transfer/target/classes started by alex in /home/alex/IdeaProjects/PayMyBuddy_transfer)
[INFO ] 2021-11-16 13:12:38.919 [main] TransferApplication - No active profile set, falling back to default profiles: default
[INFO ] 2021-11-16 13:12:41.359 [main] TransferApplication - Started TransferApplication in 2.696 seconds (JVM running for 3.268)
[INFO ] 2021-11-16 13:12:41.361 [main] TransferApplication - app initialized
[INFO ] 2021-11-16 13:13:31.191 [http-nio-8080-exec-4] TransferApplication - getTest
[INFO ] 2021-11-16 13:13:34.888 [http-nio-8080-exec-8] TransferApplication - userName: user@spring.omg - buddy: user2@spring.omg
[INFO ] 2021-11-16 13:13:34.903 [http-nio-8080-exec-1] TransferApplication - getTest
[INFO ] 2021-11-16 13:13:46.197 [http-nio-8080-exec-4] TransferApplication - 10.0
[INFO ] 2021-11-16 13:13:46.197 [http-nio-8080-exec-4] TransferApplication - user2@spring.omg
[INFO ] 2021-11-16 13:13:46.210 [http-nio-8080-exec-4] TransferApplication - Transaction{id=0, date=null, amount=0.0}
[INFO ] 2021-11-16 13:13:46.221 [http-nio-8080-exec-2] TransferApplication - getTest
[INFO ] 2021-11-16 13:13:55.150 [http-nio-8080-exec-1] TransferApplication - userName: user@spring.omg - buddy: user2@spring.omg
[INFO ] 2021-11-16 13:13:59.638 [http-nio-8080-exec-2] TransferApplication - getTest
[INFO ] 2021-11-16 13:14:09.704 [http-nio-8080-exec-10] TransferApplication - 20.0
[INFO ] 2021-11-16 13:14:09.704 [http-nio-8080-exec-10] TransferApplication - user2@spring.omg
[INFO ] 2021-11-16 13:14:09.713 [http-nio-8080-exec-10] TransferApplication - Transaction{id=0, date=null, amount=0.0}
[INFO ] 2021-11-16 13:14:09.723 [http-nio-8080-exec-8] TransferApplication - getTest
[INFO ] 2021-11-16 13:14:15.399 [http-nio-8080-exec-2] TransferApplication - getTest
[INFO ] 2021-11-16 13:14:17.289 [http-nio-8080-exec-10] TransferApplication - UserAccount{id=1, balance=969.85, user=User{email='user@spring.omg', firstName='user', lastName='0', password='$2a$10$kRsC9UCSCuL7JxQN0Wk2/u3Qh3lcd.eS/15hS.6EJxeh38iEJ.rUO', role='USER', phone='06'}}
[INFO ] 2021-11-16 13:14:17.292 [http-nio-8080-exec-10] TransferApplication - iban
[INFO ] 2021-11-16 13:14:23.078 [http-nio-8080-exec-9] TransferApplication - 10.0
[INFO ] 2021-11-16 13:14:23.078 [http-nio-8080-exec-9] TransferApplication - iban
[INFO ] 2021-11-16 13:14:23.081 [http-nio-8080-exec-9] TransferApplication - UserAccount{id=1, balance=969.85, user=User{email='user@spring.omg', firstName='user', lastName='0', password='$2a$10$kRsC9UCSCuL7JxQN0Wk2/u3Qh3lcd.eS/15hS.6EJxeh38iEJ.rUO', role='USER', phone='06'}}
[INFO ] 2021-11-16 13:14:23.089 [http-nio-8080-exec-9] TransferApplication - TransactionBank{id=1, date=Tue Nov 16 13:14:23 CET 2021, amount=10.0, fromBank=false, bankAccount=com.payMyBuddy.transfer.model.BankAccount@3b946f57}
[INFO ] 2021-11-16 13:14:24.129 [http-nio-8080-exec-6] TransferApplication - getTest
[INFO ] 2021-11-16 13:14:25.925 [http-nio-8080-exec-9] TransferApplication - getTest
[INFO ] 2021-11-16 13:14:28.210 [http-nio-8080-exec-3] TransferApplication - UserAccount{id=1, balance=959.85, user=User{email='user@spring.omg', firstName='user', lastName='0', password='$2a$10$kRsC9UCSCuL7JxQN0Wk2/u3Qh3lcd.eS/15hS.6EJxeh38iEJ.rUO', role='USER', phone='06'}}
[INFO ] 2021-11-16 13:14:29.628 [http-nio-8080-exec-6] TransferApplication - getTest
[INFO ] 2021-11-16 13:14:44.979 [http-nio-8080-exec-3] TransferApplication - user before update: User{email='user@spring.omg', firstName='user', lastName='0', password='$2a$10$kRsC9UCSCuL7JxQN0Wk2/u3Qh3lcd.eS/15hS.6EJxeh38iEJ.rUO', role='USER', phone='06'}
[INFO ] 2021-11-16 13:14:44.980 [http-nio-8080-exec-3] TransferApplication - update:User{email='user3@spring.omg', firstName='user', lastName='0', password='123', role='null', phone='06'}
[INFO ] 2021-11-16 13:14:45.047 [http-nio-8080-exec-3] TransferApplication - user has been updated: User{email='user3@spring.omg', firstName='user', lastName='0', password='$2a$10$uflkUblFl7GC6n1FlKn09.01eJu9fexG0Gjb2CoTERqLbzPHVkVie', role='USER', phone='06'}
