[INFO ] 2021-11-14 21:47:12.016 [main] TransferApplication - Starting TransferApplication using Java 11.0.12 on fedora with PID 96635 (/home/alex/IdeaProjects/PayMyBuddy_transfer/transfer/target/classes started by alex in /home/alex/IdeaProjects/PayMyBuddy_transfer)
[INFO ] 2021-11-14 21:47:12.022 [main] TransferApplication - No active profile set, falling back to default profiles: default
[INFO ] 2021-11-14 21:47:14.344 [main] TransferApplication - Started TransferApplication in 2.59 seconds (JVM running for 3.203)
[INFO ] 2021-11-14 21:47:14.346 [main] TransferApplication - app initialized
[INFO ] 2021-11-14 21:48:32.838 [main] TransferApplication - Starting TransferApplication using Java 11.0.12 on fedora with PID 96899 (/home/alex/IdeaProjects/PayMyBuddy_transfer/transfer/target/classes started by alex in /home/alex/IdeaProjects/PayMyBuddy_transfer)
[INFO ] 2021-11-14 21:48:32.844 [main] TransferApplication - No active profile set, falling back to default profiles: default
[INFO ] 2021-11-14 21:48:35.209 [main] TransferApplication - Started TransferApplication in 2.62 seconds (JVM running for 3.166)
[INFO ] 2021-11-14 21:48:35.210 [main] TransferApplication - app initialized
[INFO ] 2021-11-14 21:49:04.613 [http-nio-8080-exec-6] TransferApplication - User{email='user@spring.omg', firstName='user', lastName='0', password='$2a$10$bAokYMx7RLguY0bUNx51n.zWU1TU8xTchoQnPrfh.JkthuhIO5una', role='USER', phone='06'}
[INFO ] 2021-11-14 21:49:04.615 [http-nio-8080-exec-6] TransferApplication - User{email='user2@spring.omg', firstName='user', lastName='0', password='123', role='null', phone='06'}
[INFO ] 2021-11-14 21:49:04.617 [http-nio-8080-exec-6] TransferApplication - User{email='user@spring.omg', firstName='user', lastName='0', password='$2a$10$bAokYMx7RLguY0bUNx51n.zWU1TU8xTchoQnPrfh.JkthuhIO5una', role='USER', phone='06'}
[INFO ] 2021-11-14 21:49:04.617 [http-nio-8080-exec-6] TransferApplication - User{email='user2@spring.omg', firstName='user', lastName='0', password='123', role='null', phone='06'}
[INFO ] 2021-11-14 21:49:35.682 [main] TransferApplication - Starting TransferApplication using Java 11.0.12 on fedora with PID 97131 (/home/alex/IdeaProjects/PayMyBuddy_transfer/transfer/target/classes started by alex in /home/alex/IdeaProjects/PayMyBuddy_transfer)
[INFO ] 2021-11-14 21:49:35.687 [main] TransferApplication - No active profile set, falling back to default profiles: default
[INFO ] 2021-11-14 21:49:38.053 [main] TransferApplication - Started TransferApplication in 2.629 seconds (JVM running for 3.197)
[INFO ] 2021-11-14 21:49:38.055 [main] TransferApplication - app initialized
[INFO ] 2021-11-14 21:50:02.283 [http-nio-8080-exec-10] TransferApplication - User{email='user@spring.omg', firstName='user', lastName='0', password='$2a$10$ONt/CkuzbCU0pNhXHY2RvuYt4vxdOOjkJtGjV25Myp94pJCmzG4Rm', role='USER', phone='06'}
[INFO ] 2021-11-14 21:50:02.283 [http-nio-8080-exec-10] TransferApplication - User{email='user2@spring.omg', firstName='user', lastName='0', password='123', role='null', phone='06'}
[INFO ] 2021-11-14 21:50:02.350 [http-nio-8080-exec-10] TransferApplication - User{email='user2@spring.omg', firstName='user', lastName='0', password='$2a$10$.twds7xQmNIdbrYCzuHTDeYLEO.mRejiuqn4JRvmmXH.28bswCDlm', role='USER', phone='06'}
[INFO ] 2021-11-14 21:50:02.350 [http-nio-8080-exec-10] TransferApplication - User{email='user2@spring.omg', firstName='user', lastName='0', password='123', role='null', phone='06'}
[INFO ] 2021-11-14 21:50:36.221 [http-nio-8080-exec-9] TransferApplication - User{email='user@spring.omg', firstName='user', lastName='0', password='$2a$10$ONt/CkuzbCU0pNhXHY2RvuYt4vxdOOjkJtGjV25Myp94pJCmzG4Rm', role='USER', phone='06'}
[INFO ] 2021-11-14 21:50:36.221 [http-nio-8080-exec-9] TransferApplication - User{email='user2@spring.omg', firstName='user', lastName='0', password='123', role='null', phone='06'}
[INFO ] 2021-11-14 21:50:36.286 [http-nio-8080-exec-9] TransferApplication - User{email='user2@spring.omg', firstName='user', lastName='0', password='$2a$10$rjGzUjjk6PBnCoMYc7JxQeDHU/QHb3MUU5OEV3yCTwqxTWwIuff3a', role='USER', phone='06'}
[INFO ] 2021-11-14 21:50:36.286 [http-nio-8080-exec-9] TransferApplication - User{email='user2@spring.omg', firstName='user', lastName='0', password='123', role='null', phone='06'}
[INFO ] 2021-11-14 21:50:58.232 [main] TransferApplication - Starting TransferApplication using Java 11.0.12 on fedora with PID 97396 (/home/alex/IdeaProjects/PayMyBuddy_transfer/transfer/target/classes started by alex in /home/alex/IdeaProjects/PayMyBuddy_transfer)
[INFO ] 2021-11-14 21:50:58.238 [main] TransferApplication - No active profile set, falling back to default profiles: default
[INFO ] 2021-11-14 21:51:00.583 [main] TransferApplication - Started TransferApplication in 2.601 seconds (JVM running for 3.209)
[INFO ] 2021-11-14 21:51:00.586 [main] TransferApplication - app initialized
[INFO ] 2021-11-14 21:51:34.773 [http-nio-8080-exec-1] TransferApplication - User{email='user@spring.omg', firstName='user', lastName='0', password='$2a$10$tfZ4ZDCRH1Ekkhnc6LYOXuERgnCf.uSZaTkAXU3Qo2F.jOwUOcgR6', role='USER', phone='06'}
[INFO ] 2021-11-14 21:51:34.774 [http-nio-8080-exec-1] TransferApplication - User{email='user2@spring.omg', firstName='user', lastName='0', password='123', role='null', phone='06'}
[INFO ] 2021-11-14 21:51:34.838 [http-nio-8080-exec-1] TransferApplication - User{email='user2@spring.omg', firstName='user', lastName='0', password='$2a$10$qyHqFwTO8Fl0lD.v/7n.cOXCGNYWdHFCYkifqJahtYiBKqwOgE29.', role='USER', phone='06'}
[INFO ] 2021-11-14 21:51:34.838 [http-nio-8080-exec-1] TransferApplication - User{email='user2@spring.omg', firstName='user', lastName='0', password='123', role='null', phone='06'}
[INFO ] 2021-11-14 21:53:39.474 [main] TransferApplication - Starting TransferApplication using Java 11.0.12 on fedora with PID 97812 (/home/alex/IdeaProjects/PayMyBuddy_transfer/transfer/target/classes started by alex in /home/alex/IdeaProjects/PayMyBuddy_transfer)
[INFO ] 2021-11-14 21:53:39.479 [main] TransferApplication - No active profile set, falling back to default profiles: default
[INFO ] 2021-11-14 21:53:41.773 [main] TransferApplication - Started TransferApplication in 2.532 seconds (JVM running for 3.12)
[INFO ] 2021-11-14 21:53:41.776 [main] TransferApplication - app initialized
[INFO ] 2021-11-14 21:54:22.359 [http-nio-8080-exec-1] TransferApplication - User{email='user@spring.omg', firstName='user', lastName='0', password='$2a$10$xuuawnfVOsDEoVd1HyYk9OtIsZM.53gvgtVgcYDudzkBk9Ol6rP8a', role='USER', phone='06'}
[INFO ] 2021-11-14 21:54:22.360 [http-nio-8080-exec-1] TransferApplication - User{email='user2@spring.omg', firstName='user', lastName='0', password='123', role='null', phone='06'}
[INFO ] 2021-11-14 21:54:22.424 [http-nio-8080-exec-1] TransferApplication - User{email='user2@spring.omg', firstName='user', lastName='0', password='$2a$10$YuKpYy.zwqT5S9m3HxU6U.4S38XXhXif8PHOrWlOYAwwry5t1h/9i', role='USER', phone='06'}
[INFO ] 2021-11-14 21:54:22.424 [http-nio-8080-exec-1] TransferApplication - User{email='user2@spring.omg', firstName='user', lastName='0', password='123', role='null', phone='06'}
