[INFO ] 2021-11-15 09:18:05.006 [main] TransferApplicationTests - Starting TransferApplicationTests using Java 11.0.13 on fedora with PID 6753 (started by alex in /home/alex/IdeaProjects/PayMyBuddy_transfer/transfer)
[INFO ] 2021-11-15 09:18:05.016 [main] TransferApplicationTests - No active profile set, falling back to default profiles: default
[INFO ] 2021-11-15 09:18:08.699 [main] TransferApplicationTests - Started TransferApplicationTests in 3.967 seconds (JVM running for 5.359)
[INFO ] 2021-11-15 09:23:24.639 [main] UserServiceImplTest - Starting UserServiceImplTest using Java 11.0.13 on fedora with PID 8210 (started by alex in /home/alex/IdeaProjects/PayMyBuddy_transfer/transfer)
[INFO ] 2021-11-15 09:23:24.642 [main] UserServiceImplTest - No active profile set, falling back to default profiles: default
[INFO ] 2021-11-15 09:23:28.387 [main] UserServiceImplTest - Started UserServiceImplTest in 3.997 seconds (JVM running for 5.356)
[INFO ] 2021-11-15 09:33:27.576 [main] TransferApplicationTests - Starting TransferApplicationTests using Java 11.0.13 on fedora with PID 11801 (started by alex in /home/alex/IdeaProjects/PayMyBuddy_transfer/transfer)
[INFO ] 2021-11-15 09:33:27.581 [main] TransferApplicationTests - No active profile set, falling back to default profiles: default
[INFO ] 2021-11-15 09:33:31.304 [main] TransferApplicationTests - Started TransferApplicationTests in 4.032 seconds (JVM running for 5.404)
[INFO ] 2021-11-15 09:43:19.825 [main] TransferApplicationTests - Starting TransferApplicationTests using Java 11.0.13 on fedora with PID 14646 (started by alex in /home/alex/IdeaProjects/PayMyBuddy_transfer/transfer)
[INFO ] 2021-11-15 09:43:19.831 [main] TransferApplicationTests - No active profile set, falling back to default profiles: default
[INFO ] 2021-11-15 09:43:23.556 [main] TransferApplicationTests - Started TransferApplicationTests in 4.03 seconds (JVM running for 5.262)
[INFO ] 2021-11-15 09:54:29.463 [main] TransferApplicationTests - Starting TransferApplicationTests using Java 11.0.13 on fedora with PID 17280 (started by alex in /home/alex/IdeaProjects/PayMyBuddy_transfer/transfer)
[INFO ] 2021-11-15 09:54:29.468 [main] TransferApplicationTests - No active profile set, falling back to default profiles: default
[INFO ] 2021-11-15 09:54:33.284 [main] TransferApplicationTests - Started TransferApplicationTests in 4.083 seconds (JVM running for 5.423)
[INFO ] 2021-11-15 10:01:00.609 [main] UserServiceImplTest - Starting UserServiceImplTest using Java 11.0.13 on fedora with PID 18709 (started by alex in /home/alex/IdeaProjects/PayMyBuddy_transfer/transfer)
[INFO ] 2021-11-15 10:01:00.615 [main] UserServiceImplTest - No active profile set, falling back to default profiles: default
[INFO ] 2021-11-15 10:01:04.231 [main] UserServiceImplTest - Started UserServiceImplTest in 3.914 seconds (JVM running for 5.239)
[INFO ] 2021-11-15 10:58:07.050 [main] UserServiceImplTest - Starting UserServiceImplTest using Java 11.0.13 on fedora with PID 23702 (started by alex in /home/alex/IdeaProjects/PayMyBuddy_transfer/transfer)
[INFO ] 2021-11-15 10:58:07.055 [main] UserServiceImplTest - No active profile set, falling back to default profiles: default
[INFO ] 2021-11-15 10:58:10.710 [main] UserServiceImplTest - Started UserServiceImplTest in 3.903 seconds (JVM running for 5.2)
[INFO ] 2021-11-15 11:00:16.521 [main] TransferApplicationTests - Starting TransferApplicationTests using Java 11.0.13 on fedora with PID 24583 (started by alex in /home/alex/IdeaProjects/PayMyBuddy_transfer/transfer)
[INFO ] 2021-11-15 11:00:16.526 [main] TransferApplicationTests - No active profile set, falling back to default profiles: default
[INFO ] 2021-11-15 11:00:20.266 [main] TransferApplicationTests - Started TransferApplicationTests in 4.015 seconds (JVM running for 5.44)
[INFO ] 2021-11-15 11:00:50.028 [main] UserServiceImplTest - Starting UserServiceImplTest using Java 11.0.13 on fedora with PID 24832 (started by alex in /home/alex/IdeaProjects/PayMyBuddy_transfer/transfer)
[INFO ] 2021-11-15 11:00:50.034 [main] UserServiceImplTest - No active profile set, falling back to default profiles: default
[INFO ] 2021-11-15 11:00:53.575 [main] UserServiceImplTest - Started UserServiceImplTest in 3.788 seconds (JVM running for 5.147)
[INFO ] 2021-11-15 11:01:44.038 [main] TransferApplicationTests - Starting TransferApplicationTests using Java 11.0.13 on fedora with PID 25512 (started by alex in /home/alex/IdeaProjects/PayMyBuddy_transfer/transfer)
[INFO ] 2021-11-15 11:01:44.043 [main] TransferApplicationTests - No active profile set, falling back to default profiles: default
[INFO ] 2021-11-15 11:01:47.827 [main] TransferApplicationTests - Started TransferApplicationTests in 4.029 seconds (JVM running for 5.367)
[INFO ] 2021-11-15 11:02:18.307 [main] UserServiceImplTest - Starting UserServiceImplTest using Java 11.0.13 on fedora with PID 25766 (started by alex in /home/alex/IdeaProjects/PayMyBuddy_transfer/transfer)
[INFO ] 2021-11-15 11:02:18.310 [main] UserServiceImplTest - No active profile set, falling back to default profiles: default
[INFO ] 2021-11-15 11:02:21.849 [main] UserServiceImplTest - Started UserServiceImplTest in 3.763 seconds (JVM running for 5.062)
[INFO ] 2021-11-15 11:04:45.557 [main] TransferApplicationTests - Starting TransferApplicationTests using Java 11.0.13 on fedora with PID 26366 (started by alex in /home/alex/IdeaProjects/PayMyBuddy_transfer/transfer)
[INFO ] 2021-11-15 11:04:45.563 [main] TransferApplicationTests - No active profile set, falling back to default profiles: default
[INFO ] 2021-11-15 11:04:49.345 [main] TransferApplicationTests - Started TransferApplicationTests in 4.051 seconds (JVM running for 5.417)
[INFO ] 2021-11-15 11:05:32.089 [main] UserServiceImplTest - Starting UserServiceImplTest using Java 11.0.13 on fedora with PID 26635 (started by alex in /home/alex/IdeaProjects/PayMyBuddy_transfer/transfer)
[INFO ] 2021-11-15 11:05:32.094 [main] UserServiceImplTest - No active profile set, falling back to default profiles: default
[INFO ] 2021-11-15 11:05:35.684 [main] UserServiceImplTest - Started UserServiceImplTest in 3.872 seconds (JVM running for 5.196)
[INFO ] 2021-11-15 11:24:55.279 [main] UserServiceImplTest - Starting UserServiceImplTest using Java 11.0.13 on fedora with PID 28754 (started by alex in /home/alex/IdeaProjects/PayMyBuddy_transfer/transfer)
[INFO ] 2021-11-15 11:24:55.283 [main] UserServiceImplTest - No active profile set, falling back to default profiles: default
[INFO ] 2021-11-15 11:24:57.826 [main] UserServiceImplTest - Started UserServiceImplTest in 2.729 seconds (JVM running for 3.629)
[INFO ] 2021-11-15 11:27:00.457 [main] UserServiceImplTest - Starting UserServiceImplTest using Java 11.0.13 on fedora with PID 29077 (started by alex in /home/alex/IdeaProjects/PayMyBuddy_transfer/transfer)
[INFO ] 2021-11-15 11:27:00.459 [main] UserServiceImplTest - No active profile set, falling back to default profiles: default
[INFO ] 2021-11-15 11:27:03.217 [main] UserServiceImplTest - Started UserServiceImplTest in 2.925 seconds (JVM running for 3.877)
[INFO ] 2021-11-15 11:28:24.206 [main] UserServiceImplTest - Starting UserServiceImplTest using Java 11.0.13 on fedora with PID 29447 (started by alex in /home/alex/IdeaProjects/PayMyBuddy_transfer/transfer)
[INFO ] 2021-11-15 11:28:24.210 [main] UserServiceImplTest - No active profile set, falling back to default profiles: default
[INFO ] 2021-11-15 11:28:27.707 [main] UserServiceImplTest - Started UserServiceImplTest in 3.736 seconds (JVM running for 4.979)
[INFO ] 2021-11-15 11:47:40.365 [main] UserServiceImplTest - Starting UserServiceImplTest using Java 11.0.13 on fedora with PID 31393 (started by alex in /home/alex/IdeaProjects/PayMyBuddy_transfer/transfer)
[INFO ] 2021-11-15 11:47:40.368 [main] UserServiceImplTest - No active profile set, falling back to default profiles: default
[INFO ] 2021-11-15 11:47:42.963 [main] UserServiceImplTest - Started UserServiceImplTest in 2.775 seconds (JVM running for 3.698)
[INFO ] 2021-11-15 12:28:36.900 [main] UserServiceImplTest - Starting UserServiceImplTest using Java 11.0.13 on fedora with PID 34665 (started by alex in /home/alex/IdeaProjects/PayMyBuddy_transfer/transfer)
[INFO ] 2021-11-15 12:28:36.913 [main] UserServiceImplTest - No active profile set, falling back to default profiles: default
[INFO ] 2021-11-15 12:28:39.642 [main] UserServiceImplTest - Started UserServiceImplTest in 2.885 seconds (JVM running for 3.772)
[INFO ] 2021-11-15 12:39:28.749 [main] UserServiceImplTest - Starting UserServiceImplTest using Java 11.0.13 on fedora with PID 35637 (started by alex in /home/alex/IdeaProjects/PayMyBuddy_transfer/transfer)
[INFO ] 2021-11-15 12:39:28.765 [main] UserServiceImplTest - No active profile set, falling back to default profiles: default
[INFO ] 2021-11-15 12:39:31.419 [main] UserServiceImplTest - Started UserServiceImplTest in 2.841 seconds (JVM running for 3.739)
[INFO ] 2021-11-15 12:48:43.901 [main] UserServiceImplTest - Starting UserServiceImplTest using Java 11.0.13 on fedora with PID 36488 (started by alex in /home/alex/IdeaProjects/PayMyBuddy_transfer/transfer)
[INFO ] 2021-11-15 12:48:43.905 [main] UserServiceImplTest - No active profile set, falling back to default profiles: default
[INFO ] 2021-11-15 12:48:46.459 [main] UserServiceImplTest - Started UserServiceImplTest in 2.699 seconds (JVM running for 3.57)
[INFO ] 2021-11-15 13:04:41.456 [main] UserServiceImplTest - Starting UserServiceImplTest using Java 11.0.13 on fedora with PID 37889 (started by alex in /home/alex/IdeaProjects/PayMyBuddy_transfer/transfer)
[INFO ] 2021-11-15 13:04:41.459 [main] UserServiceImplTest - No active profile set, falling back to default profiles: default
[INFO ] 2021-11-15 13:04:44.129 [main] UserServiceImplTest - Started UserServiceImplTest in 2.859 seconds (JVM running for 3.781)
[INFO ] 2021-11-15 13:05:32.847 [main] UserServiceImplTest - Starting UserServiceImplTest using Java 11.0.13 on fedora with PID 38265 (started by alex in /home/alex/IdeaProjects/PayMyBuddy_transfer/transfer)
[INFO ] 2021-11-15 13:05:32.852 [main] UserServiceImplTest - No active profile set, falling back to default profiles: default
[INFO ] 2021-11-15 13:05:36.455 [main] UserServiceImplTest - Started UserServiceImplTest in 3.859 seconds (JVM running for 5.225)
[INFO ] 2021-11-15 13:07:57.133 [main] UserServiceImplTest - Starting UserServiceImplTest using Java 11.0.13 on fedora with PID 38819 (started by alex in /home/alex/IdeaProjects/PayMyBuddy_transfer/transfer)
[INFO ] 2021-11-15 13:07:57.136 [main] UserServiceImplTest - No active profile set, falling back to default profiles: default
[INFO ] 2021-11-15 13:07:59.896 [main] UserServiceImplTest - Started UserServiceImplTest in 2.927 seconds (JVM running for 3.807)
[INFO ] 2021-11-15 13:10:43.320 [main] UserServiceImplTest - Starting UserServiceImplTest using Java 11.0.13 on fedora with PID 39114 (started by alex in /home/alex/IdeaProjects/PayMyBuddy_transfer/transfer)
[INFO ] 2021-11-15 13:10:43.334 [main] UserServiceImplTest - No active profile set, falling back to default profiles: default
[INFO ] 2021-11-15 13:10:46.010 [main] UserServiceImplTest - Started UserServiceImplTest in 2.869 seconds (JVM running for 3.777)
[INFO ] 2021-11-15 13:22:26.442 [main] UserServiceImplTest - Starting UserServiceImplTest using Java 11.0.13 on fedora with PID 40326 (started by alex in /home/alex/IdeaProjects/PayMyBuddy_transfer/transfer)
[INFO ] 2021-11-15 13:22:26.454 [main] UserServiceImplTest - No active profile set, falling back to default profiles: default
[INFO ] 2021-11-15 13:22:28.988 [main] UserServiceImplTest - Started UserServiceImplTest in 2.706 seconds (JVM running for 3.559)
[INFO ] 2021-11-15 13:26:35.505 [main] UserServiceImplTest - Starting UserServiceImplTest using Java 11.0.13 on fedora with PID 40726 (started by alex in /home/alex/IdeaProjects/PayMyBuddy_transfer/transfer)
[INFO ] 2021-11-15 13:26:35.511 [main] UserServiceImplTest - No active profile set, falling back to default profiles: default
[INFO ] 2021-11-15 13:26:38.026 [main] UserServiceImplTest - Started UserServiceImplTest in 2.676 seconds (JVM running for 3.541)
[INFO ] 2021-11-15 13:26:55.361 [main] UserServiceImplTest - Starting UserServiceImplTest using Java 11.0.13 on fedora with PID 40861 (started by alex in /home/alex/IdeaProjects/PayMyBuddy_transfer/transfer)
[INFO ] 2021-11-15 13:26:55.367 [main] UserServiceImplTest - No active profile set, falling back to default profiles: default
[INFO ] 2021-11-15 13:26:58.794 [main] UserServiceImplTest - Started UserServiceImplTest in 3.695 seconds (JVM running for 4.921)
[INFO ] 2021-11-15 13:28:05.969 [main] UserServiceImplTest - Starting UserServiceImplTest using Java 11.0.13 on fedora with PID 41098 (started by alex in /home/alex/IdeaProjects/PayMyBuddy_transfer/transfer)
[INFO ] 2021-11-15 13:28:05.973 [main] UserServiceImplTest - No active profile set, falling back to default profiles: default
[INFO ] 2021-11-15 13:28:08.629 [main] UserServiceImplTest - Started UserServiceImplTest in 2.811 seconds (JVM running for 3.71)
[INFO ] 2021-11-15 13:32:11.688 [main] UserServiceImplTest - Starting UserServiceImplTest using Java 11.0.13 on fedora with PID 41491 (started by alex in /home/alex/IdeaProjects/PayMyBuddy_transfer/transfer)
[INFO ] 2021-11-15 13:32:11.703 [main] UserServiceImplTest - No active profile set, falling back to default profiles: default
[INFO ] 2021-11-15 13:32:14.313 [main] UserServiceImplTest - Started UserServiceImplTest in 2.805 seconds (JVM running for 3.68)
[INFO ] 2021-11-15 13:33:05.520 [main] UserServiceImplTest - Starting UserServiceImplTest using Java 11.0.13 on fedora with PID 41668 (started by alex in /home/alex/IdeaProjects/PayMyBuddy_transfer/transfer)
[INFO ] 2021-11-15 13:33:05.525 [main] UserServiceImplTest - No active profile set, falling back to default profiles: default
[INFO ] 2021-11-15 13:33:08.982 [main] UserServiceImplTest - Started UserServiceImplTest in 3.693 seconds (JVM running for 4.999)
[INFO ] 2021-11-15 13:33:58.438 [main] UserServiceImplTest - Starting UserServiceImplTest using Java 11.0.13 on fedora with PID 41984 (started by alex in /home/alex/IdeaProjects/PayMyBuddy_transfer/transfer)
[INFO ] 2021-11-15 13:33:58.443 [main] UserServiceImplTest - No active profile set, falling back to default profiles: default
[INFO ] 2021-11-15 13:34:01.107 [main] UserServiceImplTest - Started UserServiceImplTest in 2.834 seconds (JVM running for 3.735)
[INFO ] 2021-11-15 13:34:16.163 [main] UserServiceImplTest - Starting UserServiceImplTest using Java 11.0.13 on fedora with PID 42088 (started by alex in /home/alex/IdeaProjects/PayMyBuddy_transfer/transfer)
[INFO ] 2021-11-15 13:34:16.166 [main] UserServiceImplTest - No active profile set, falling back to default profiles: default
[INFO ] 2021-11-15 13:34:18.804 [main] UserServiceImplTest - Started UserServiceImplTest in 2.807 seconds (JVM running for 3.726)
[INFO ] 2021-11-15 13:35:00.001 [main] TransferApplicationTests - Starting TransferApplicationTests using Java 11.0.13 on fedora with PID 42232 (started by alex in /home/alex/IdeaProjects/PayMyBuddy_transfer/transfer)
[INFO ] 2021-11-15 13:35:00.004 [main] TransferApplicationTests - No active profile set, falling back to default profiles: default
[INFO ] 2021-11-15 13:35:02.461 [main] TransferApplicationTests - Started TransferApplicationTests in 2.615 seconds (JVM running for 3.539)
[INFO ] 2021-11-15 13:36:09.975 [main] TransferApplicationTests - Starting TransferApplicationTests using Java 11.0.13 on fedora with PID 42426 (started by alex in /home/alex/IdeaProjects/PayMyBuddy_transfer/transfer)
[INFO ] 2021-11-15 13:36:09.980 [main] TransferApplicationTests - No active profile set, falling back to default profiles: default
[INFO ] 2021-11-15 13:36:14.116 [main] TransferApplicationTests - Started TransferApplicationTests in 4.38 seconds (JVM running for 6.035)
[INFO ] 2021-11-15 13:42:20.470 [main] UserServiceImplTest - Starting UserServiceImplTest using Java 11.0.13 on fedora with PID 43037 (started by alex in /home/alex/IdeaProjects/PayMyBuddy_transfer/transfer)
[INFO ] 2021-11-15 13:42:20.472 [main] UserServiceImplTest - No active profile set, falling back to default profiles: default
[INFO ] 2021-11-15 13:42:22.935 [main] UserServiceImplTest - Started UserServiceImplTest in 2.622 seconds (JVM running for 3.529)
[INFO ] 2021-11-15 13:42:51.237 [main] UserServiceImplTest - Starting UserServiceImplTest using Java 11.0.13 on fedora with PID 43160 (started by alex in /home/alex/IdeaProjects/PayMyBuddy_transfer/transfer)
[INFO ] 2021-11-15 13:42:51.247 [main] UserServiceImplTest - No active profile set, falling back to default profiles: default
[INFO ] 2021-11-15 13:42:53.727 [main] UserServiceImplTest - Started UserServiceImplTest in 2.64 seconds (JVM running for 3.539)
[INFO ] 2021-11-15 13:43:23.981 [main] TransferApplicationTests - Starting TransferApplicationTests using Java 11.0.13 on fedora with PID 43291 (started by alex in /home/alex/IdeaProjects/PayMyBuddy_transfer/transfer)
[INFO ] 2021-11-15 13:43:23.984 [main] TransferApplicationTests - No active profile set, falling back to default profiles: default
[INFO ] 2021-11-15 13:43:27.683 [main] TransferApplicationTests - Started TransferApplicationTests in 3.924 seconds (JVM running for 5.449)
[INFO ] 2021-11-15 13:44:04.008 [main] UserServiceImplTest - Starting UserServiceImplTest using Java 11.0.13 on fedora with PID 43454 (started by alex in /home/alex/IdeaProjects/PayMyBuddy_transfer/transfer)
[INFO ] 2021-11-15 13:44:04.011 [main] UserServiceImplTest - No active profile set, falling back to default profiles: default
[INFO ] 2021-11-15 13:44:07.273 [main] UserServiceImplTest - Started UserServiceImplTest in 3.497 seconds (JVM running for 4.852)
[INFO ] 2021-11-15 13:47:12.488 [main] TransferApplicationTests - Starting TransferApplicationTests using Java 11.0.13 on fedora with PID 43836 (started by alex in /home/alex/IdeaProjects/PayMyBuddy_transfer/transfer)
[INFO ] 2021-11-15 13:47:12.493 [main] TransferApplicationTests - No active profile set, falling back to default profiles: default
[INFO ] 2021-11-15 13:47:16.248 [main] TransferApplicationTests - Started TransferApplicationTests in 4.0 seconds (JVM running for 5.594)
[INFO ] 2021-11-15 13:48:04.185 [main] TransferApplicationTests - Starting TransferApplicationTests using Java 11.0.13 on fedora with PID 43991 (started by alex in /home/alex/IdeaProjects/PayMyBuddy_transfer/transfer)
[INFO ] 2021-11-15 13:48:04.187 [main] TransferApplicationTests - No active profile set, falling back to default profiles: default
[INFO ] 2021-11-15 13:48:06.892 [main] TransferApplicationTests - Started TransferApplicationTests in 2.862 seconds (JVM running for 3.793)
[INFO ] 2021-11-15 13:49:06.771 [main] TransferApplicationTests - Starting TransferApplicationTests using Java 11.0.13 on fedora with PID 44157 (started by alex in /home/alex/IdeaProjects/PayMyBuddy_transfer/transfer)
[INFO ] 2021-11-15 13:49:06.775 [main] TransferApplicationTests - No active profile set, falling back to default profiles: default
[INFO ] 2021-11-15 13:49:09.327 [main] TransferApplicationTests - Started TransferApplicationTests in 2.723 seconds (JVM running for 3.692)
[INFO ] 2021-11-15 13:50:44.718 [main] TransferApplicationTests - Starting TransferApplicationTests using Java 11.0.13 on fedora with PID 44370 (started by alex in /home/alex/IdeaProjects/PayMyBuddy_transfer/transfer)
[INFO ] 2021-11-15 13:50:44.722 [main] TransferApplicationTests - No active profile set, falling back to default profiles: default
[INFO ] 2021-11-15 13:50:47.309 [main] TransferApplicationTests - Started TransferApplicationTests in 2.759 seconds (JVM running for 3.71)
[INFO ] 2021-11-15 13:51:53.384 [main] TransferApplicationTests - Starting TransferApplicationTests using Java 11.0.13 on fedora with PID 44547 (started by alex in /home/alex/IdeaProjects/PayMyBuddy_transfer/transfer)
[INFO ] 2021-11-15 13:51:53.388 [main] TransferApplicationTests - No active profile set, falling back to default profiles: default
[INFO ] 2021-11-15 13:51:55.972 [main] TransferApplicationTests - Started TransferApplicationTests in 2.744 seconds (JVM running for 3.74)
[INFO ] 2021-11-15 13:52:24.262 [main] UserServiceImplTest - Starting UserServiceImplTest using Java 11.0.13 on fedora with PID 44702 (started by alex in /home/alex/IdeaProjects/PayMyBuddy_transfer/transfer)
[INFO ] 2021-11-15 13:52:24.266 [main] UserServiceImplTest - No active profile set, falling back to default profiles: default
[INFO ] 2021-11-15 13:52:27.704 [main] UserServiceImplTest - Started UserServiceImplTest in 3.685 seconds (JVM running for 4.995)
[INFO ] 2021-11-15 13:53:50.743 [main] TransferApplicationTests - Starting TransferApplicationTests using Java 11.0.13 on fedora with PID 45610 (started by alex in /home/alex/IdeaProjects/PayMyBuddy_transfer/transfer)
[INFO ] 2021-11-15 13:53:50.746 [main] TransferApplicationTests - No active profile set, falling back to default profiles: default
[INFO ] 2021-11-15 13:53:53.168 [main] TransferApplicationTests - Started TransferApplicationTests in 2.613 seconds (JVM running for 3.593)
[INFO ] 2021-11-15 14:13:04.435 [main] UserAccountServiceImplTest - Starting UserAccountServiceImplTest using Java 11.0.13 on fedora with PID 48165 (started by alex in /home/alex/IdeaProjects/PayMyBuddy_transfer/transfer)
[INFO ] 2021-11-15 14:13:04.452 [main] UserAccountServiceImplTest - No active profile set, falling back to default profiles: default
[INFO ] 2021-11-15 14:13:07.079 [main] UserAccountServiceImplTest - Started UserAccountServiceImplTest in 2.791 seconds (JVM running for 3.817)
[INFO ] 2021-11-15 14:13:28.074 [main] UserAccountServiceImplTest - Starting UserAccountServiceImplTest using Java 11.0.13 on fedora with PID 48283 (started by alex in /home/alex/IdeaProjects/PayMyBuddy_transfer/transfer)
[INFO ] 2021-11-15 14:13:28.081 [main] UserAccountServiceImplTest - No active profile set, falling back to default profiles: default
[INFO ] 2021-11-15 14:13:30.644 [main] UserAccountServiceImplTest - Started UserAccountServiceImplTest in 2.723 seconds (JVM running for 3.642)
[INFO ] 2021-11-15 14:16:02.304 [main] UserAccountServiceImplTest - Starting UserAccountServiceImplTest using Java 11.0.13 on fedora with PID 48574 (started by alex in /home/alex/IdeaProjects/PayMyBuddy_transfer/transfer)
[INFO ] 2021-11-15 14:16:02.308 [main] UserAccountServiceImplTest - No active profile set, falling back to default profiles: default
[INFO ] 2021-11-15 14:16:04.898 [main] UserAccountServiceImplTest - Started UserAccountServiceImplTest in 2.761 seconds (JVM running for 3.77)
[INFO ] 2021-11-15 14:18:57.632 [main] UserAccountServiceImplTest - Starting UserAccountServiceImplTest using Java 11.0.13 on fedora with PID 48914 (started by alex in /home/alex/IdeaProjects/PayMyBuddy_transfer/transfer)
[INFO ] 2021-11-15 14:18:57.635 [main] UserAccountServiceImplTest - No active profile set, falling back to default profiles: default
[INFO ] 2021-11-15 14:19:00.117 [main] UserAccountServiceImplTest - Started UserAccountServiceImplTest in 2.659 seconds (JVM running for 3.658)
[INFO ] 2021-11-15 14:20:20.239 [main] UserAccountServiceImplTest - Starting UserAccountServiceImplTest using Java 11.0.13 on fedora with PID 49107 (started by alex in /home/alex/IdeaProjects/PayMyBuddy_transfer/transfer)
[INFO ] 2021-11-15 14:20:20.243 [main] UserAccountServiceImplTest - No active profile set, falling back to default profiles: default
[INFO ] 2021-11-15 14:20:22.801 [main] UserAccountServiceImplTest - Started UserAccountServiceImplTest in 2.713 seconds (JVM running for 3.599)
[INFO ] 2021-11-15 14:21:49.332 [main] UserAccountServiceImplTest - Starting UserAccountServiceImplTest using Java 11.0.13 on fedora with PID 49329 (started by alex in /home/alex/IdeaProjects/PayMyBuddy_transfer/transfer)
[INFO ] 2021-11-15 14:21:49.335 [main] UserAccountServiceImplTest - No active profile set, falling back to default profiles: default
[INFO ] 2021-11-15 14:21:51.851 [main] UserAccountServiceImplTest - Started UserAccountServiceImplTest in 2.657 seconds (JVM running for 3.523)
[INFO ] 2021-11-15 14:22:43.626 [main] UserAccountServiceImplTest - Starting UserAccountServiceImplTest using Java 11.0.13 on fedora with PID 49485 (started by alex in /home/alex/IdeaProjects/PayMyBuddy_transfer/transfer)
[INFO ] 2021-11-15 14:22:43.642 [main] UserAccountServiceImplTest - No active profile set, falling back to default profiles: default
[INFO ] 2021-11-15 14:22:46.011 [main] UserAccountServiceImplTest - Started UserAccountServiceImplTest in 2.549 seconds (JVM running for 3.408)
[INFO ] 2021-11-15 14:23:57.449 [main] UserAccountServiceImplTest - Starting UserAccountServiceImplTest using Java 11.0.13 on fedora with PID 49662 (started by alex in /home/alex/IdeaProjects/PayMyBuddy_transfer/transfer)
[INFO ] 2021-11-15 14:23:57.464 [main] UserAccountServiceImplTest - No active profile set, falling back to default profiles: default
[INFO ] 2021-11-15 14:23:59.893 [main] UserAccountServiceImplTest - Started UserAccountServiceImplTest in 2.637 seconds (JVM running for 3.533)
[INFO ] 2021-11-15 14:25:16.110 [main] UserAccountServiceImplTest - Starting UserAccountServiceImplTest using Java 11.0.13 on fedora with PID 49842 (started by alex in /home/alex/IdeaProjects/PayMyBuddy_transfer/transfer)
[INFO ] 2021-11-15 14:25:16.112 [main] UserAccountServiceImplTest - No active profile set, falling back to default profiles: default
[INFO ] 2021-11-15 14:25:18.752 [main] UserAccountServiceImplTest - Started UserAccountServiceImplTest in 2.803 seconds (JVM running for 3.718)
[INFO ] 2021-11-15 14:30:35.134 [main] UserAccountServiceImplTest - Starting UserAccountServiceImplTest using Java 11.0.13 on fedora with PID 50380 (started by alex in /home/alex/IdeaProjects/PayMyBuddy_transfer/transfer)
[INFO ] 2021-11-15 14:30:35.150 [main] UserAccountServiceImplTest - No active profile set, falling back to default profiles: default
[INFO ] 2021-11-15 14:30:37.693 [main] UserAccountServiceImplTest - Started UserAccountServiceImplTest in 2.716 seconds (JVM running for 3.607)
[INFO ] 2021-11-15 14:36:05.819 [main] UserAccountServiceImplTest - Starting UserAccountServiceImplTest using Java 11.0.13 on fedora with PID 50901 (started by alex in /home/alex/IdeaProjects/PayMyBuddy_transfer/transfer)
[INFO ] 2021-11-15 14:36:05.822 [main] UserAccountServiceImplTest - No active profile set, falling back to default profiles: default
[INFO ] 2021-11-15 14:36:08.322 [main] UserAccountServiceImplTest - Started UserAccountServiceImplTest in 2.715 seconds (JVM running for 3.605)
[INFO ] 2021-11-15 14:42:05.586 [main] UserAccountServiceImplTest - Starting UserAccountServiceImplTest using Java 11.0.13 on fedora with PID 51495 (started by alex in /home/alex/IdeaProjects/PayMyBuddy_transfer/transfer)
[INFO ] 2021-11-15 14:42:05.597 [main] UserAccountServiceImplTest - No active profile set, falling back to default profiles: default
[INFO ] 2021-11-15 14:42:08.138 [main] UserAccountServiceImplTest - Started UserAccountServiceImplTest in 2.714 seconds (JVM running for 3.588)
[INFO ] 2021-11-15 14:45:38.603 [main] UserAccountServiceImplTest - Starting UserAccountServiceImplTest using Java 11.0.13 on fedora with PID 51865 (started by alex in /home/alex/IdeaProjects/PayMyBuddy_transfer/transfer)
[INFO ] 2021-11-15 14:45:38.617 [main] UserAccountServiceImplTest - No active profile set, falling back to default profiles: default
[INFO ] 2021-11-15 14:45:41.222 [main] UserAccountServiceImplTest - Started UserAccountServiceImplTest in 2.778 seconds (JVM running for 3.691)
[INFO ] 2021-11-15 14:48:38.146 [main] UserAccountServiceImplTest - Starting UserAccountServiceImplTest using Java 11.0.13 on fedora with PID 52245 (started by alex in /home/alex/IdeaProjects/PayMyBuddy_transfer/transfer)
[INFO ] 2021-11-15 14:48:38.149 [main] UserAccountServiceImplTest - No active profile set, falling back to default profiles: default
[INFO ] 2021-11-15 14:48:40.819 [main] UserAccountServiceImplTest - Started UserAccountServiceImplTest in 2.812 seconds (JVM running for 3.745)
[INFO ] 2021-11-15 14:50:24.725 [main] UserAccountServiceImplTest - Starting UserAccountServiceImplTest using Java 11.0.13 on fedora with PID 52481 (started by alex in /home/alex/IdeaProjects/PayMyBuddy_transfer/transfer)
[INFO ] 2021-11-15 14:50:24.730 [main] UserAccountServiceImplTest - No active profile set, falling back to default profiles: default
[INFO ] 2021-11-15 14:50:27.402 [main] UserAccountServiceImplTest - Started UserAccountServiceImplTest in 2.848 seconds (JVM running for 3.768)
[INFO ] 2021-11-15 14:51:33.063 [main] UserAccountServiceImplTest - Starting UserAccountServiceImplTest using Java 11.0.13 on fedora with PID 52652 (started by alex in /home/alex/IdeaProjects/PayMyBuddy_transfer/transfer)
[INFO ] 2021-11-15 14:51:33.078 [main] UserAccountServiceImplTest - No active profile set, falling back to default profiles: default
[INFO ] 2021-11-15 14:51:35.614 [main] UserAccountServiceImplTest - Started UserAccountServiceImplTest in 2.7 seconds (JVM running for 3.625)
[INFO ] 2021-11-15 14:54:54.169 [main] TransferApplicationTests - Starting TransferApplicationTests using Java 11.0.13 on fedora with PID 53021 (started by alex in /home/alex/IdeaProjects/PayMyBuddy_transfer/transfer)
[INFO ] 2021-11-15 14:54:54.175 [main] TransferApplicationTests - No active profile set, falling back to default profiles: default
[INFO ] 2021-11-15 14:54:58.137 [main] TransferApplicationTests - Started TransferApplicationTests in 4.223 seconds (JVM running for 5.953)
[INFO ] 2021-11-15 14:55:28.198 [main] UserServiceImplTest - Starting UserServiceImplTest using Java 11.0.13 on fedora with PID 53156 (started by alex in /home/alex/IdeaProjects/PayMyBuddy_transfer/transfer)
[INFO ] 2021-11-15 14:55:28.201 [main] UserServiceImplTest - No active profile set, falling back to default profiles: default
[INFO ] 2021-11-15 14:55:30.785 [main] UserServiceImplTest - Started UserServiceImplTest in 2.749 seconds (JVM running for 3.689)
[INFO ] 2021-11-15 14:55:47.563 [main] TransferApplicationTests - Starting TransferApplicationTests using Java 11.0.13 on fedora with PID 53268 (started by alex in /home/alex/IdeaProjects/PayMyBuddy_transfer/transfer)
[INFO ] 2021-11-15 14:55:47.570 [main] TransferApplicationTests - No active profile set, falling back to default profiles: default
[INFO ] 2021-11-15 14:55:51.454 [main] TransferApplicationTests - Started TransferApplicationTests in 4.209 seconds (JVM running for 5.824)
[INFO ] 2021-11-15 14:57:05.899 [main] UserServiceImplTest - Starting UserServiceImplTest using Java 11.0.13 on fedora with PID 53502 (started by alex in /home/alex/IdeaProjects/PayMyBuddy_transfer/transfer)
[INFO ] 2021-11-15 14:57:05.917 [main] UserServiceImplTest - No active profile set, falling back to default profiles: default
[INFO ] 2021-11-15 14:57:08.437 [main] UserServiceImplTest - Started UserServiceImplTest in 2.722 seconds (JVM running for 3.636)
[INFO ] 2021-11-15 14:57:46.031 [main] UserServiceImplTest - Starting UserServiceImplTest using Java 11.0.13 on fedora with PID 53642 (started by alex in /home/alex/IdeaProjects/PayMyBuddy_transfer/transfer)
[INFO ] 2021-11-15 14:57:46.033 [main] UserServiceImplTest - No active profile set, falling back to default profiles: default
[INFO ] 2021-11-15 14:57:48.621 [main] UserServiceImplTest - Started UserServiceImplTest in 2.764 seconds (JVM running for 3.71)
[INFO ] 2021-11-15 14:58:00.568 [main] UserServiceImplTest - Starting UserServiceImplTest using Java 11.0.13 on fedora with PID 53744 (started by alex in /home/alex/IdeaProjects/PayMyBuddy_transfer/transfer)
[INFO ] 2021-11-15 14:58:00.575 [main] UserServiceImplTest - No active profile set, falling back to default profiles: default
[INFO ] 2021-11-15 14:58:03.205 [main] UserServiceImplTest - Started UserServiceImplTest in 2.806 seconds (JVM running for 3.704)
[INFO ] 2021-11-15 14:58:09.025 [main] UserServiceImplTest - Starting UserServiceImplTest using Java 11.0.13 on fedora with PID 53837 (started by alex in /home/alex/IdeaProjects/PayMyBuddy_transfer/transfer)
[INFO ] 2021-11-15 14:58:09.028 [main] UserServiceImplTest - No active profile set, falling back to default profiles: default
[INFO ] 2021-11-15 14:58:11.707 [main] UserServiceImplTest - Started UserServiceImplTest in 2.84 seconds (JVM running for 3.79)
[INFO ] 2021-11-15 14:58:48.434 [main] UserAccountServiceImplTest - Starting UserAccountServiceImplTest using Java 11.0.13 on fedora with PID 54185 (started by alex in /home/alex/IdeaProjects/PayMyBuddy_transfer/transfer)
[INFO ] 2021-11-15 14:58:48.439 [main] UserAccountServiceImplTest - No active profile set, falling back to default profiles: default
[INFO ] 2021-11-15 14:58:52.298 [main] UserAccountServiceImplTest - Started UserAccountServiceImplTest in 4.108 seconds (JVM running for 5.507)
[INFO ] 2021-11-15 14:59:17.243 [main] UserServiceImplTest - Starting UserServiceImplTest using Java 11.0.13 on fedora with PID 54452 (started by alex in /home/alex/IdeaProjects/PayMyBuddy_transfer/transfer)
[INFO ] 2021-11-15 14:59:17.247 [main] UserServiceImplTest - No active profile set, falling back to default profiles: default
[INFO ] 2021-11-15 14:59:19.808 [main] UserServiceImplTest - Started UserServiceImplTest in 2.728 seconds (JVM running for 3.659)
[INFO ] 2021-11-15 14:59:22.783 [main] UserServiceImplTest - Starting UserServiceImplTest using Java 11.0.13 on fedora with PID 54543 (started by alex in /home/alex/IdeaProjects/PayMyBuddy_transfer/transfer)
[INFO ] 2021-11-15 14:59:22.787 [main] UserServiceImplTest - No active profile set, falling back to default profiles: default
[INFO ] 2021-11-15 14:59:25.510 [main] UserServiceImplTest - Started UserServiceImplTest in 2.9 seconds (JVM running for 3.792)
[INFO ] 2021-11-15 14:59:31.381 [main] UserAccountServiceImplTest - Starting UserAccountServiceImplTest using Java 11.0.13 on fedora with PID 54645 (started by alex in /home/alex/IdeaProjects/PayMyBuddy_transfer/transfer)
[INFO ] 2021-11-15 14:59:31.387 [main] UserAccountServiceImplTest - No active profile set, falling back to default profiles: default
[INFO ] 2021-11-15 14:59:35.232 [main] UserAccountServiceImplTest - Started UserAccountServiceImplTest in 4.079 seconds (JVM running for 5.734)
[INFO ] 2021-11-15 15:02:23.835 [main] UserAccountServiceImplTest - Starting UserAccountServiceImplTest using Java 11.0.13 on fedora with PID 55326 (started by alex in /home/alex/IdeaProjects/PayMyBuddy_transfer/transfer)
[INFO ] 2021-11-15 15:02:23.838 [main] UserAccountServiceImplTest - No active profile set, falling back to default profiles: default
[INFO ] 2021-11-15 15:02:26.507 [main] UserAccountServiceImplTest - Started UserAccountServiceImplTest in 2.873 seconds (JVM running for 3.888)
[INFO ] 2021-11-15 15:03:29.900 [main] UserServiceImplTest - Starting UserServiceImplTest using Java 11.0.13 on fedora with PID 55501 (started by alex in /home/alex/IdeaProjects/PayMyBuddy_transfer/transfer)
[INFO ] 2021-11-15 15:03:29.906 [main] UserServiceImplTest - No active profile set, falling back to default profiles: default
[INFO ] 2021-11-15 15:03:32.467 [main] UserServiceImplTest - Started UserServiceImplTest in 2.739 seconds (JVM running for 3.663)
[INFO ] 2021-11-15 15:04:34.053 [main] TransferApplicationTests - Starting TransferApplicationTests using Java 11.0.13 on fedora with PID 55676 (started by alex in /home/alex/IdeaProjects/PayMyBuddy_transfer/transfer)
[INFO ] 2021-11-15 15:04:34.056 [main] TransferApplicationTests - No active profile set, falling back to default profiles: default
[INFO ] 2021-11-15 15:04:36.646 [main] TransferApplicationTests - Started TransferApplicationTests in 2.79 seconds (JVM running for 3.748)
[INFO ] 2021-11-15 15:07:53.737 [main] TransferApplicationTests - Starting TransferApplicationTests using Java 11.0.13 on fedora with PID 56020 (started by alex in /home/alex/IdeaProjects/PayMyBuddy_transfer/transfer)
[INFO ] 2021-11-15 15:07:53.740 [main] TransferApplicationTests - No active profile set, falling back to default profiles: default
[INFO ] 2021-11-15 15:07:56.250 [main] TransferApplicationTests - Started TransferApplicationTests in 2.68 seconds (JVM running for 3.601)
[INFO ] 2021-11-15 15:08:42.382 [main] UserServiceImplTest - Starting UserServiceImplTest using Java 11.0.13 on fedora with PID 56165 (started by alex in /home/alex/IdeaProjects/PayMyBuddy_transfer/transfer)
[INFO ] 2021-11-15 15:08:42.385 [main] UserServiceImplTest - No active profile set, falling back to default profiles: default
[INFO ] 2021-11-15 15:08:44.931 [main] UserServiceImplTest - Started UserServiceImplTest in 2.72 seconds (JVM running for 3.591)
[INFO ] 2021-11-15 15:08:48.506 [main] UserServiceImplTest - Starting UserServiceImplTest using Java 11.0.13 on fedora with PID 56262 (started by alex in /home/alex/IdeaProjects/PayMyBuddy_transfer/transfer)
[INFO ] 2021-11-15 15:08:48.513 [main] UserServiceImplTest - No active profile set, falling back to default profiles: default
[INFO ] 2021-11-15 15:08:51.479 [main] UserServiceImplTest - Started UserServiceImplTest in 3.165 seconds (JVM running for 4.119)
[INFO ] 2021-11-15 15:08:55.274 [main] UserAccountServiceImplTest - Starting UserAccountServiceImplTest using Java 11.0.13 on fedora with PID 56353 (started by alex in /home/alex/IdeaProjects/PayMyBuddy_transfer/transfer)
[INFO ] 2021-11-15 15:08:55.278 [main] UserAccountServiceImplTest - No active profile set, falling back to default profiles: default
[INFO ] 2021-11-15 15:08:57.829 [main] UserAccountServiceImplTest - Started UserAccountServiceImplTest in 2.719 seconds (JVM running for 3.611)
[INFO ] 2021-11-15 15:09:22.041 [main] UserAccountServiceImplTest - Starting UserAccountServiceImplTest using Java 11.0.13 on fedora with PID 56506 (started by alex in /home/alex/IdeaProjects/PayMyBuddy_transfer/transfer)
[INFO ] 2021-11-15 15:09:22.044 [main] UserAccountServiceImplTest - No active profile set, falling back to default profiles: default
[INFO ] 2021-11-15 15:09:24.612 [main] UserAccountServiceImplTest - Started UserAccountServiceImplTest in 2.746 seconds (JVM running for 3.686)
[INFO ] 2021-11-15 15:09:27.720 [main] UserAccountServiceImplTest - Starting UserAccountServiceImplTest using Java 11.0.13 on fedora with PID 56601 (started by alex in /home/alex/IdeaProjects/PayMyBuddy_transfer/transfer)
[INFO ] 2021-11-15 15:09:27.723 [main] UserAccountServiceImplTest - No active profile set, falling back to default profiles: default
[INFO ] 2021-11-15 15:09:30.473 [main] UserAccountServiceImplTest - Started UserAccountServiceImplTest in 2.921 seconds (JVM running for 3.826)
[INFO ] 2021-11-15 15:09:35.232 [main] TransferApplicationTests - Starting TransferApplicationTests using Java 11.0.13 on fedora with PID 56707 (started by alex in /home/alex/IdeaProjects/PayMyBuddy_transfer/transfer)
[INFO ] 2021-11-15 15:09:35.237 [main] TransferApplicationTests - No active profile set, falling back to default profiles: default
[INFO ] 2021-11-15 15:09:39.117 [main] TransferApplicationTests - Started TransferApplicationTests in 4.143 seconds (JVM running for 5.594)
[INFO ] 2021-11-15 15:16:23.119 [main] UserServiceImplTest - Starting UserServiceImplTest using Java 11.0.13 on fedora with PID 57400 (started by alex in /home/alex/IdeaProjects/PayMyBuddy_transfer/transfer)
[INFO ] 2021-11-15 15:16:23.132 [main] UserServiceImplTest - No active profile set, falling back to default profiles: default
[INFO ] 2021-11-15 15:16:25.697 [main] UserServiceImplTest - Started UserServiceImplTest in 2.735 seconds (JVM running for 3.63)
[INFO ] 2021-11-15 15:19:14.296 [main] UserServiceImplTest - Starting UserServiceImplTest using Java 11.0.13 on fedora with PID 57732 (started by alex in /home/alex/IdeaProjects/PayMyBuddy_transfer/transfer)
[INFO ] 2021-11-15 15:19:14.310 [main] UserServiceImplTest - No active profile set, falling back to default profiles: default
[INFO ] 2021-11-15 15:19:16.951 [main] UserServiceImplTest - Started UserServiceImplTest in 2.822 seconds (JVM running for 3.744)
[INFO ] 2021-11-15 15:19:34.464 [main] UserServiceImplTest - Starting UserServiceImplTest using Java 11.0.13 on fedora with PID 57847 (started by alex in /home/alex/IdeaProjects/PayMyBuddy_transfer/transfer)
[INFO ] 2021-11-15 15:19:34.468 [main] UserServiceImplTest - No active profile set, falling back to default profiles: default
[INFO ] 2021-11-15 15:19:37.131 [main] UserServiceImplTest - Started UserServiceImplTest in 2.829 seconds (JVM running for 3.763)
[INFO ] 2021-11-15 15:20:37.030 [main] UserServiceImplTest - Starting UserServiceImplTest using Java 11.0.13 on fedora with PID 58014 (started by alex in /home/alex/IdeaProjects/PayMyBuddy_transfer/transfer)
[INFO ] 2021-11-15 15:20:37.033 [main] UserServiceImplTest - No active profile set, falling back to default profiles: default
[INFO ] 2021-11-15 15:20:39.515 [main] UserServiceImplTest - Started UserServiceImplTest in 2.664 seconds (JVM running for 3.588)
[INFO ] 2021-11-15 15:22:59.009 [main] UserServiceImplTest - Starting UserServiceImplTest using Java 11.0.13 on fedora with PID 58323 (started by alex in /home/alex/IdeaProjects/PayMyBuddy_transfer/transfer)
[INFO ] 2021-11-15 15:22:59.023 [main] UserServiceImplTest - No active profile set, falling back to default profiles: default
[INFO ] 2021-11-15 15:23:01.488 [main] UserServiceImplTest - Started UserServiceImplTest in 2.63 seconds (JVM running for 3.531)
[INFO ] 2021-11-15 15:28:02.750 [main] UserServiceImplTest - Starting UserServiceImplTest using Java 11.0.13 on fedora with PID 58828 (started by alex in /home/alex/IdeaProjects/PayMyBuddy_transfer/transfer)
[INFO ] 2021-11-15 15:28:02.762 [main] UserServiceImplTest - No active profile set, falling back to default profiles: default
[INFO ] 2021-11-15 15:28:05.424 [main] UserServiceImplTest - Started UserServiceImplTest in 2.863 seconds (JVM running for 3.808)
[INFO ] 2021-11-15 15:30:59.295 [main] UserServiceImplTest - Starting UserServiceImplTest using Java 11.0.13 on fedora with PID 59197 (started by alex in /home/alex/IdeaProjects/PayMyBuddy_transfer/transfer)
[INFO ] 2021-11-15 15:30:59.298 [main] UserServiceImplTest - No active profile set, falling back to default profiles: default
[INFO ] 2021-11-15 15:31:01.977 [main] UserServiceImplTest - Started UserServiceImplTest in 2.855 seconds (JVM running for 3.761)
[INFO ] 2021-11-15 15:36:33.433 [main] UserServiceImplTest - Starting UserServiceImplTest using Java 11.0.13 on fedora with PID 59782 (started by alex in /home/alex/IdeaProjects/PayMyBuddy_transfer/transfer)
[INFO ] 2021-11-15 15:36:33.447 [main] UserServiceImplTest - No active profile set, falling back to default profiles: default
[INFO ] 2021-11-15 15:36:36.156 [main] UserServiceImplTest - Started UserServiceImplTest in 2.873 seconds (JVM running for 3.777)
[INFO ] 2021-11-15 15:41:45.924 [main] UserServiceImplTest - Starting UserServiceImplTest using Java 11.0.13 on fedora with PID 60288 (started by alex in /home/alex/IdeaProjects/PayMyBuddy_transfer/transfer)
[INFO ] 2021-11-15 15:41:45.938 [main] UserServiceImplTest - No active profile set, falling back to default profiles: default
[INFO ] 2021-11-15 15:41:48.671 [main] UserServiceImplTest - Started UserServiceImplTest in 2.914 seconds (JVM running for 3.816)
[INFO ] 2021-11-15 15:42:55.961 [main] UserServiceImplTest - Starting UserServiceImplTest using Java 11.0.13 on fedora with PID 60492 (started by alex in /home/alex/IdeaProjects/PayMyBuddy_transfer/transfer)
[INFO ] 2021-11-15 15:42:55.966 [main] UserServiceImplTest - No active profile set, falling back to default profiles: default
[INFO ] 2021-11-15 15:42:58.422 [main] UserServiceImplTest - Started UserServiceImplTest in 2.634 seconds (JVM running for 3.572)
[INFO ] 2021-11-15 15:43:07.967 [main] TransferApplicationTests - Starting TransferApplicationTests using Java 11.0.13 on fedora with PID 60594 (started by alex in /home/alex/IdeaProjects/PayMyBuddy_transfer/transfer)
[INFO ] 2021-11-15 15:43:07.974 [main] TransferApplicationTests - No active profile set, falling back to default profiles: default
[INFO ] 2021-11-15 15:43:11.777 [main] TransferApplicationTests - Started TransferApplicationTests in 4.151 seconds (JVM running for 5.812)
[INFO ] 2021-11-15 15:46:39.248 [main] TransferApplicationTests - Starting TransferApplicationTests using Java 11.0.13 on fedora with PID 60995 (started by alex in /home/alex/IdeaProjects/PayMyBuddy_transfer/transfer)
[INFO ] 2021-11-15 15:46:39.251 [main] TransferApplicationTests - No active profile set, falling back to default profiles: default
[INFO ] 2021-11-15 15:46:41.925 [main] TransferApplicationTests - Started TransferApplicationTests in 2.845 seconds (JVM running for 3.821)
[INFO ] 2021-11-15 15:46:54.988 [main] UserServiceImplTest - Starting UserServiceImplTest using Java 11.0.13 on fedora with PID 61098 (started by alex in /home/alex/IdeaProjects/PayMyBuddy_transfer/transfer)
[INFO ] 2021-11-15 15:46:54.991 [main] UserServiceImplTest - No active profile set, falling back to default profiles: default
[INFO ] 2021-11-15 15:46:57.765 [main] UserServiceImplTest - Started UserServiceImplTest in 2.937 seconds (JVM running for 3.862)
[INFO ] 2021-11-15 15:47:42.707 [main] TransferApplicationTests - Starting TransferApplicationTests using Java 11.0.13 on fedora with PID 61248 (started by alex in /home/alex/IdeaProjects/PayMyBuddy_transfer/transfer)
[INFO ] 2021-11-15 15:47:42.712 [main] TransferApplicationTests - No active profile set, falling back to default profiles: default
[INFO ] 2021-11-15 15:47:46.605 [main] TransferApplicationTests - Started TransferApplicationTests in 4.2 seconds (JVM running for 5.876)
[INFO ] 2021-11-15 15:49:10.396 [main] TransferApplicationTests - Starting TransferApplicationTests using Java 11.0.13 on fedora with PID 61486 (started by alex in /home/alex/IdeaProjects/PayMyBuddy_transfer/transfer)
[INFO ] 2021-11-15 15:49:10.399 [main] TransferApplicationTests - No active profile set, falling back to default profiles: default
[INFO ] 2021-11-15 15:49:13.048 [main] TransferApplicationTests - Started TransferApplicationTests in 2.807 seconds (JVM running for 3.766)
[INFO ] 2021-11-15 15:50:19.406 [main] TransferApplicationTests - Starting TransferApplicationTests using Java 11.0.13 on fedora with PID 61672 (started by alex in /home/alex/IdeaProjects/PayMyBuddy_transfer/transfer)
[INFO ] 2021-11-15 15:50:19.410 [main] TransferApplicationTests - No active profile set, falling back to default profiles: default
[INFO ] 2021-11-15 15:50:21.971 [main] TransferApplicationTests - Started TransferApplicationTests in 2.771 seconds (JVM running for 3.769)
[INFO ] 2021-11-15 15:53:08.106 [main] TransferApplicationTests - Starting TransferApplicationTests using Java 11.0.13 on fedora with PID 61972 (started by alex in /home/alex/IdeaProjects/PayMyBuddy_transfer/transfer)
[INFO ] 2021-11-15 15:53:08.109 [main] TransferApplicationTests - No active profile set, falling back to default profiles: default
[INFO ] 2021-11-15 15:53:10.582 [main] TransferApplicationTests - Started TransferApplicationTests in 2.64 seconds (JVM running for 3.564)
[INFO ] 2021-11-15 15:53:57.124 [main] TransferApplicationTests - Starting TransferApplicationTests using Java 11.0.13 on fedora with PID 62124 (started by alex in /home/alex/IdeaProjects/PayMyBuddy_transfer/transfer)
[INFO ] 2021-11-15 15:53:57.127 [main] TransferApplicationTests - No active profile set, falling back to default profiles: default
[INFO ] 2021-11-15 15:53:59.622 [main] TransferApplicationTests - Started TransferApplicationTests in 2.665 seconds (JVM running for 3.584)
[INFO ] 2021-11-15 15:54:56.343 [main] UserAccountServiceImplTest - Starting UserAccountServiceImplTest using Java 11.0.13 on fedora with PID 62281 (started by alex in /home/alex/IdeaProjects/PayMyBuddy_transfer/transfer)
[INFO ] 2021-11-15 15:54:56.353 [main] UserAccountServiceImplTest - No active profile set, falling back to default profiles: default
[INFO ] 2021-11-15 15:54:58.955 [main] UserAccountServiceImplTest - Started UserAccountServiceImplTest in 2.769 seconds (JVM running for 3.656)
[INFO ] 2021-11-15 15:59:19.644 [main] UserAccountServiceImplTest - Starting UserAccountServiceImplTest using Java 11.0.13 on fedora with PID 62717 (started by alex in /home/alex/IdeaProjects/PayMyBuddy_transfer/transfer)
[INFO ] 2021-11-15 15:59:19.657 [main] UserAccountServiceImplTest - No active profile set, falling back to default profiles: default
[INFO ] 2021-11-15 15:59:22.184 [main] UserAccountServiceImplTest - Started UserAccountServiceImplTest in 2.708 seconds (JVM running for 3.604)
[INFO ] 2021-11-15 15:59:34.568 [main] UserAccountServiceImplTest - Starting UserAccountServiceImplTest using Java 11.0.13 on fedora with PID 62823 (started by alex in /home/alex/IdeaProjects/PayMyBuddy_transfer/transfer)
[INFO ] 2021-11-15 15:59:34.579 [main] UserAccountServiceImplTest - No active profile set, falling back to default profiles: default
[INFO ] 2021-11-15 15:59:37.299 [main] UserAccountServiceImplTest - Started UserAccountServiceImplTest in 2.887 seconds (JVM running for 3.8)
[INFO ] 2021-11-15 15:59:43.410 [main] UserAccountServiceImplTest - Starting UserAccountServiceImplTest using Java 11.0.13 on fedora with PID 62923 (started by alex in /home/alex/IdeaProjects/PayMyBuddy_transfer/transfer)
[INFO ] 2021-11-15 15:59:43.414 [main] UserAccountServiceImplTest - No active profile set, falling back to default profiles: default
[INFO ] 2021-11-15 15:59:45.967 [main] UserAccountServiceImplTest - Started UserAccountServiceImplTest in 2.731 seconds (JVM running for 3.631)
[INFO ] 2021-11-15 16:15:13.276 [main] UserAccountServiceImplTest - Starting UserAccountServiceImplTest using Java 11.0.13 on fedora with PID 65849 (started by alex in /home/alex/IdeaProjects/PayMyBuddy_transfer/transfer)
[INFO ] 2021-11-15 16:15:13.282 [main] UserAccountServiceImplTest - No active profile set, falling back to default profiles: default
[INFO ] 2021-11-15 16:15:15.843 [main] UserAccountServiceImplTest - Started UserAccountServiceImplTest in 2.714 seconds (JVM running for 3.598)
[INFO ] 2021-11-15 16:17:05.987 [main] UserAccountServiceImplTest - Starting UserAccountServiceImplTest using Java 11.0.13 on fedora with PID 66283 (started by alex in /home/alex/IdeaProjects/PayMyBuddy_transfer/transfer)
[INFO ] 2021-11-15 16:17:06.003 [main] UserAccountServiceImplTest - No active profile set, falling back to default profiles: default
[INFO ] 2021-11-15 16:17:08.548 [main] UserAccountServiceImplTest - Started UserAccountServiceImplTest in 2.697 seconds (JVM running for 3.586)
[INFO ] 2021-11-15 16:17:39.019 [main] UserAccountServiceImplTest - Starting UserAccountServiceImplTest using Java 11.0.13 on fedora with PID 66411 (started by alex in /home/alex/IdeaProjects/PayMyBuddy_transfer/transfer)
[INFO ] 2021-11-15 16:17:39.028 [main] UserAccountServiceImplTest - No active profile set, falling back to default profiles: default
[INFO ] 2021-11-15 16:17:41.608 [main] UserAccountServiceImplTest - Started UserAccountServiceImplTest in 2.754 seconds (JVM running for 3.672)
[INFO ] 2021-11-15 16:18:05.377 [main] UserAccountServiceImplTest - Starting UserAccountServiceImplTest using Java 11.0.13 on fedora with PID 66593 (started by alex in /home/alex/IdeaProjects/PayMyBuddy_transfer/transfer)
[INFO ] 2021-11-15 16:18:05.385 [main] UserAccountServiceImplTest - No active profile set, falling back to default profiles: default
[INFO ] 2021-11-15 16:18:07.893 [main] UserAccountServiceImplTest - Started UserAccountServiceImplTest in 2.665 seconds (JVM running for 3.572)
[INFO ] 2021-11-15 16:19:28.129 [main] UserAccountServiceImplTest - Starting UserAccountServiceImplTest using Java 11.0.13 on fedora with PID 66804 (started by alex in /home/alex/IdeaProjects/PayMyBuddy_transfer/transfer)
[INFO ] 2021-11-15 16:19:28.132 [main] UserAccountServiceImplTest - No active profile set, falling back to default profiles: default
[INFO ] 2021-11-15 16:19:30.632 [main] UserAccountServiceImplTest - Started UserAccountServiceImplTest in 2.66 seconds (JVM running for 3.544)
[INFO ] 2021-11-15 16:20:59.868 [main] UserAccountServiceImplTest - Starting UserAccountServiceImplTest using Java 11.0.13 on fedora with PID 67041 (started by alex in /home/alex/IdeaProjects/PayMyBuddy_transfer/transfer)
[INFO ] 2021-11-15 16:20:59.877 [main] UserAccountServiceImplTest - No active profile set, falling back to default profiles: default
[INFO ] 2021-11-15 16:21:03.131 [main] UserAccountServiceImplTest - Started UserAccountServiceImplTest in 3.421 seconds (JVM running for 4.403)
[INFO ] 2021-11-15 16:21:03.771 [main] UserAccountServiceImplTest - Starting UserAccountServiceImplTest using Java 11.0.13 on fedora with PID 67132 (started by alex in /home/alex/IdeaProjects/PayMyBuddy_transfer/transfer)
[INFO ] 2021-11-15 16:21:03.786 [main] UserAccountServiceImplTest - No active profile set, falling back to default profiles: default
[INFO ] 2021-11-15 16:21:06.459 [main] UserAccountServiceImplTest - Started UserAccountServiceImplTest in 2.824 seconds (JVM running for 4.282)
[INFO ] 2021-11-15 16:22:45.072 [main] UserAccountServiceImplTest - Starting UserAccountServiceImplTest using Java 11.0.13 on fedora with PID 67365 (started by alex in /home/alex/IdeaProjects/PayMyBuddy_transfer/transfer)
[INFO ] 2021-11-15 16:22:45.077 [main] UserAccountServiceImplTest - No active profile set, falling back to default profiles: default
[INFO ] 2021-11-15 16:22:47.603 [main] UserAccountServiceImplTest - Started UserAccountServiceImplTest in 2.696 seconds (JVM running for 3.581)
[INFO ] 2021-11-15 16:22:57.018 [main] UserAccountServiceImplTest - Starting UserAccountServiceImplTest using Java 11.0.13 on fedora with PID 67469 (started by alex in /home/alex/IdeaProjects/PayMyBuddy_transfer/transfer)
[INFO ] 2021-11-15 16:22:57.022 [main] UserAccountServiceImplTest - No active profile set, falling back to default profiles: default
[INFO ] 2021-11-15 16:22:59.629 [main] UserAccountServiceImplTest - Started UserAccountServiceImplTest in 2.799 seconds (JVM running for 3.693)
[INFO ] 2021-11-15 16:24:05.858 [main] UserAccountServiceImplTest - Starting UserAccountServiceImplTest using Java 11.0.13 on fedora with PID 67640 (started by alex in /home/alex/IdeaProjects/PayMyBuddy_transfer/transfer)
[INFO ] 2021-11-15 16:24:05.872 [main] UserAccountServiceImplTest - No active profile set, falling back to default profiles: default
[INFO ] 2021-11-15 16:24:08.442 [main] UserAccountServiceImplTest - Started UserAccountServiceImplTest in 2.732 seconds (JVM running for 3.631)
[INFO ] 2021-11-15 16:25:12.565 [main] TransferApplicationTests - Starting TransferApplicationTests using Java 11.0.13 on fedora with PID 67812 (started by alex in /home/alex/IdeaProjects/PayMyBuddy_transfer/transfer)
[INFO ] 2021-11-15 16:25:12.569 [main] TransferApplicationTests - No active profile set, falling back to default profiles: default
[INFO ] 2021-11-15 16:25:15.054 [main] TransferApplicationTests - Started TransferApplicationTests in 2.667 seconds (JVM running for 3.586)
[INFO ] 2021-11-15 16:25:43.574 [main] UserServiceImplTest - Starting UserServiceImplTest using Java 11.0.13 on fedora with PID 67935 (started by alex in /home/alex/IdeaProjects/PayMyBuddy_transfer/transfer)
[INFO ] 2021-11-15 16:25:43.579 [main] UserServiceImplTest - No active profile set, falling back to default profiles: default
[INFO ] 2021-11-15 16:25:46.182 [main] UserServiceImplTest - Started UserServiceImplTest in 2.784 seconds (JVM running for 3.705)
[INFO ] 2021-11-15 16:26:32.859 [main] UserServiceImplTest - Starting UserServiceImplTest using Java 11.0.13 on fedora with PID 68097 (started by alex in /home/alex/IdeaProjects/PayMyBuddy_transfer/transfer)
[INFO ] 2021-11-15 16:26:32.864 [main] UserServiceImplTest - No active profile set, falling back to default profiles: default
[INFO ] 2021-11-15 16:26:35.493 [main] UserServiceImplTest - Started UserServiceImplTest in 2.808 seconds (JVM running for 3.721)
[INFO ] 2021-11-15 16:26:46.962 [main] TransferApplicationTests - Starting TransferApplicationTests using Java 11.0.13 on fedora with PID 68201 (started by alex in /home/alex/IdeaProjects/PayMyBuddy_transfer/transfer)
[INFO ] 2021-11-15 16:26:46.966 [main] TransferApplicationTests - No active profile set, falling back to default profiles: default
[INFO ] 2021-11-15 16:26:49.495 [main] TransferApplicationTests - Started TransferApplicationTests in 2.696 seconds (JVM running for 3.635)
[INFO ] 2021-11-15 16:27:35.789 [main] TransferApplicationTests - Starting TransferApplicationTests using Java 11.0.13 on fedora with PID 68355 (started by alex in /home/alex/IdeaProjects/PayMyBuddy_transfer/transfer)
[INFO ] 2021-11-15 16:27:35.791 [main] TransferApplicationTests - No active profile set, falling back to default profiles: default
[INFO ] 2021-11-15 16:27:38.322 [main] TransferApplicationTests - Started TransferApplicationTests in 2.689 seconds (JVM running for 3.613)
[INFO ] 2021-11-15 16:27:56.877 [main] UserAccountServiceImplTest - Starting UserAccountServiceImplTest using Java 11.0.13 on fedora with PID 68637 (started by alex in /home/alex/IdeaProjects/PayMyBuddy_transfer/transfer)
[INFO ] 2021-11-15 16:27:56.882 [main] UserAccountServiceImplTest - No active profile set, falling back to default profiles: default
[INFO ] 2021-11-15 16:28:00.597 [main] UserAccountServiceImplTest - Started UserAccountServiceImplTest in 4.014 seconds (JVM running for 5.488)
[INFO ] 2021-11-15 17:01:26.164 [main] UserAccountServiceImplTest - Starting UserAccountServiceImplTest using Java 11.0.13 on fedora with PID 72006 (started by alex in /home/alex/IdeaProjects/PayMyBuddy_transfer/transfer)
[INFO ] 2021-11-15 17:01:26.169 [main] UserAccountServiceImplTest - No active profile set, falling back to default profiles: default
[INFO ] 2021-11-15 17:01:30.078 [main] UserAccountServiceImplTest - Started UserAccountServiceImplTest in 4.172 seconds (JVM running for 5.615)
[INFO ] 2021-11-15 17:39:44.274 [main] UserBuddyServiceTest - Starting UserBuddyServiceTest using Java 11.0.13 on fedora with PID 75851 (started by alex in /home/alex/IdeaProjects/PayMyBuddy_transfer/transfer)
[INFO ] 2021-11-15 17:39:44.287 [main] UserBuddyServiceTest - No active profile set, falling back to default profiles: default
[INFO ] 2021-11-15 17:39:46.845 [main] UserBuddyServiceTest - Started UserBuddyServiceTest in 2.716 seconds (JVM running for 3.604)
[INFO ] 2021-11-15 17:40:45.190 [main] UserAccountServiceImplTest - Starting UserAccountServiceImplTest using Java 11.0.13 on fedora with PID 76172 (started by alex in /home/alex/IdeaProjects/PayMyBuddy_transfer/transfer)
[INFO ] 2021-11-15 17:40:45.194 [main] UserAccountServiceImplTest - No active profile set, falling back to default profiles: default
[INFO ] 2021-11-15 17:40:48.968 [main] UserAccountServiceImplTest - Started UserAccountServiceImplTest in 4.024 seconds (JVM running for 5.316)
[INFO ] 2021-11-15 19:46:34.765 [main] UserRegistrationControllerTest - Starting UserRegistrationControllerTest using Java 11.0.13 on fedora with PID 82874 (started by alex in /home/alex/IdeaProjects/PayMyBuddy_transfer/transfer)
[INFO ] 2021-11-15 19:46:34.769 [main] UserRegistrationControllerTest - No active profile set, falling back to default profiles: default
[INFO ] 2021-11-15 19:47:27.416 [main] UserRegistrationControllerTest - Starting UserRegistrationControllerTest using Java 11.0.13 on fedora with PID 82971 (started by alex in /home/alex/IdeaProjects/PayMyBuddy_transfer/transfer)
[INFO ] 2021-11-15 19:47:27.420 [main] UserRegistrationControllerTest - No active profile set, falling back to default profiles: default
[INFO ] 2021-11-15 20:27:19.234 [main] UserRegistrationControllerTest - Starting UserRegistrationControllerTest using Java 11.0.13 on fedora with PID 85039 (started by alex in /home/alex/IdeaProjects/PayMyBuddy_transfer/transfer)
[INFO ] 2021-11-15 20:27:19.239 [main] UserRegistrationControllerTest - No active profile set, falling back to default profiles: default
[INFO ] 2021-11-15 20:27:22.993 [main] UserRegistrationControllerTest - Started UserRegistrationControllerTest in 4.002 seconds (JVM running for 5.249)
