[INFO ] 2021-11-20 09:29:34.158 [main] TransferApplication - Starting TransferApplication using Java 11.0.13 on fedora with PID 4740 (/home/alex/IdeaProjects/PayMyBuddy_transfer/transfer/target/classes started by alex in /home/alex/IdeaProjects/PayMyBuddy_transfer)
[INFO ] 2021-11-20 09:29:34.165 [main] TransferApplication - No active profile set, falling back to default profiles: default
[INFO ] 2021-11-20 09:29:36.959 [main] TransferApplication - Started TransferApplication in 3.041 seconds (JVM running for 3.76)
[INFO ] 2021-11-20 09:29:36.962 [main] TransferApplication - app initialized
[INFO ] 2021-11-20 09:30:23.794 [http-nio-8080-exec-7] TransferApplication - getTest
[INFO ] 2021-11-20 09:30:30.267 [http-nio-8080-exec-3] TransferApplication - userName: user@spring.omg - buddy: user2@spring.omg
[INFO ] 2021-11-20 09:30:30.283 [http-nio-8080-exec-8] TransferApplication - getTest
[INFO ] 2021-11-20 09:30:35.356 [http-nio-8080-exec-4] TransferApplication - userName: user@spring.omg - buddy: user@spring.omg
[INFO ] 2021-11-20 09:30:35.369 [http-nio-8080-exec-5] TransferApplication - getTest
[INFO ] 2021-11-20 09:30:42.878 [http-nio-8080-exec-8] TransferApplication - 10.0
[INFO ] 2021-11-20 09:30:42.878 [http-nio-8080-exec-8] TransferApplication - 
[INFO ] 2021-11-20 09:30:44.726 [http-nio-8080-exec-9] TransferApplication - getTest
[INFO ] 2021-11-20 09:30:50.711 [http-nio-8080-exec-10] TransferApplication - 10.0
[INFO ] 2021-11-20 09:30:50.711 [http-nio-8080-exec-10] TransferApplication - user2@spring.omg
[INFO ] 2021-11-20 09:30:50.724 [http-nio-8080-exec-10] TransferApplication - TransactionBuddy{id=1, date=Sat Nov 20 09:30:50 CET 2021, amount=10.0, description='Sat Nov 20 09:30:50 CET 2021 -- from: user@spring.omg -- test', userBuddy=UserBuddy{id=1, userAccount=UserAccount{id=1, balance=989.95, user=User{email='user@spring.omg', firstName='user', lastName='0', password='$2a$10$KmgEGx9mcu6BvTHB0Ux81u5aoMVEgIZZHIE9fr/tPaCAqhkUIKV7y', role='USER', phone='06'}}, buddy=User{email='user2@spring.omg', firstName='u', lastName='2', password='$2a$10$m92cdBslHECuXx6qtJADKOIImaKnuEZcb/V2qO2btCc9aZBHx139G', role='USER', phone='06'}}}
[INFO ] 2021-11-20 09:30:50.734 [http-nio-8080-exec-2] TransferApplication - getTest
[INFO ] 2021-11-20 09:31:01.470 [http-nio-8080-exec-3] TransferApplication - -20.0
[INFO ] 2021-11-20 09:31:01.470 [http-nio-8080-exec-3] TransferApplication - user2@spring.omg
[INFO ] 2021-11-20 09:31:01.482 [http-nio-8080-exec-1] TransferApplication - getTest
[INFO ] 2021-11-20 09:31:10.625 [http-nio-8080-exec-7] TransferApplication - 30.0
[INFO ] 2021-11-20 09:31:10.625 [http-nio-8080-exec-7] TransferApplication - user2@spring.omg
[INFO ] 2021-11-20 09:31:10.633 [http-nio-8080-exec-7] TransferApplication - TransactionBuddy{id=2, date=Sat Nov 20 09:31:10 CET 2021, amount=30.0, description='Sat Nov 20 09:31:10 CET 2021 -- from: user@spring.omg -- test again', userBuddy=UserBuddy{id=1, userAccount=UserAccount{id=1, balance=959.8000000000001, user=User{email='user@spring.omg', firstName='user', lastName='0', password='$2a$10$KmgEGx9mcu6BvTHB0Ux81u5aoMVEgIZZHIE9fr/tPaCAqhkUIKV7y', role='USER', phone='06'}}, buddy=User{email='user2@spring.omg', firstName='u', lastName='2', password='$2a$10$m92cdBslHECuXx6qtJADKOIImaKnuEZcb/V2qO2btCc9aZBHx139G', role='USER', phone='06'}}}
[INFO ] 2021-11-20 09:31:10.643 [http-nio-8080-exec-6] TransferApplication - getTest
[INFO ] 2021-11-20 09:31:38.708 [http-nio-8080-exec-1] TransferApplication - getTest
[INFO ] 2021-11-20 09:31:47.126 [http-nio-8080-exec-10] TransferApplication - getTest
[INFO ] 2021-11-20 09:31:52.664 [http-nio-8080-exec-8] TransferApplication - getTest
[INFO ] 2021-11-20 09:48:54.772 [main] TransferApplication - Starting TransferApplication using Java 11.0.13 on fedora with PID 7249 (/home/alex/IdeaProjects/PayMyBuddy_transfer/transfer/target/classes started by alex in /home/alex/IdeaProjects/PayMyBuddy_transfer)
[INFO ] 2021-11-20 09:48:54.776 [main] TransferApplication - No active profile set, falling back to default profiles: default
[INFO ] 2021-11-20 09:48:57.079 [main] TransferApplication - Started TransferApplication in 2.535 seconds (JVM running for 3.143)
[INFO ] 2021-11-20 09:48:57.082 [main] TransferApplication - app initialized
[INFO ] 2021-11-20 09:49:51.048 [http-nio-8080-exec-4] TransferApplication - getTest
[INFO ] 2021-11-20 09:49:55.369 [http-nio-8080-exec-1] TransferApplication - userName: user@spring.omg - buddy: user2@spring.omg
[INFO ] 2021-11-20 09:49:55.384 [http-nio-8080-exec-2] TransferApplication - getTest
[INFO ] 2021-11-20 09:50:02.545 [http-nio-8080-exec-4] TransferApplication - 20.0
[INFO ] 2021-11-20 09:50:02.545 [http-nio-8080-exec-4] TransferApplication - user2@spring.omg
[INFO ] 2021-11-20 09:50:02.557 [http-nio-8080-exec-4] TransferApplication - TransactionBuddy{id=1, date=Sat Nov 20 09:50:02 CET 2021, amount=20.0, description='Sat Nov 20 09:50:02 CET 2021 -- from: user@spring.omg -- test', userBuddy=UserBuddy{id=1, userAccount=UserAccount{id=1, balance=979.9, user=User{email='user@spring.omg', firstName='u', lastName='0', password='$2a$10$8VaaaCt5NCzguFPLFzWTku/Y76lKlD9t1II9orccdsXVkdievm8gO', role='USER', phone='06'}}, buddy=User{email='user2@spring.omg', firstName='u', lastName='2', password='$2a$10$YDtbibKfHMp60mbrFERBeeA/HiQjoZuAluQYgzdeOYQ7fDkdewBRu', role='USER', phone='06'}}}
[INFO ] 2021-11-20 09:50:02.568 [http-nio-8080-exec-7] TransferApplication - getTest
[INFO ] 2021-11-20 09:50:12.827 [http-nio-8080-exec-2] TransferApplication - getTest
[INFO ] 2021-11-20 09:50:18.133 [http-nio-8080-exec-5] TransferApplication - userName: user@spring.omg - buddy: user2@spring.omg
[INFO ] 2021-11-20 09:50:20.917 [http-nio-8080-exec-2] TransferApplication - getTest
[INFO ] 2021-11-20 09:50:28.157 [http-nio-8080-exec-4] TransferApplication - 0.0
[INFO ] 2021-11-20 09:50:28.158 [http-nio-8080-exec-4] TransferApplication - user2@spring.omg
[INFO ] 2021-11-20 09:50:28.170 [http-nio-8080-exec-7] TransferApplication - getTest
[INFO ] 2021-11-20 09:50:38.460 [http-nio-8080-exec-6] TransferApplication - 10.0
[INFO ] 2021-11-20 09:50:38.460 [http-nio-8080-exec-6] TransferApplication - user2@spring.omg
[INFO ] 2021-11-20 09:50:38.468 [http-nio-8080-exec-6] TransferApplication - TransactionBuddy{id=2, date=Sat Nov 20 09:50:38 CET 2021, amount=10.0, description='Sat Nov 20 09:50:38 CET 2021 -- from: user@spring.omg -- test again', userBuddy=UserBuddy{id=1, userAccount=UserAccount{id=1, balance=969.85, user=User{email='user@spring.omg', firstName='u', lastName='0', password='$2a$10$8VaaaCt5NCzguFPLFzWTku/Y76lKlD9t1II9orccdsXVkdievm8gO', role='USER', phone='06'}}, buddy=User{email='user2@spring.omg', firstName='u', lastName='2', password='$2a$10$YDtbibKfHMp60mbrFERBeeA/HiQjoZuAluQYgzdeOYQ7fDkdewBRu', role='USER', phone='06'}}}
[INFO ] 2021-11-20 09:50:38.480 [http-nio-8080-exec-9] TransferApplication - getTest
[INFO ] 2021-11-20 09:51:10.551 [http-nio-8080-exec-4] TransferApplication - user before update: User{email='user@spring.omg', firstName='u', lastName='0', password='$2a$10$8VaaaCt5NCzguFPLFzWTku/Y76lKlD9t1II9orccdsXVkdievm8gO', role='USER', phone='06'}
[INFO ] 2021-11-20 09:51:10.551 [http-nio-8080-exec-4] TransferApplication - update:User{email='user3@spring.omg', firstName='u', lastName='0', password='123', role='null', phone='06'}
[INFO ] 2021-11-20 09:51:10.617 [http-nio-8080-exec-4] TransferApplication - user has been updated: User{email='user3@spring.omg', firstName='u', lastName='0', password='$2a$10$sENO.o/7WZbWERu15SPO6uqORxvr8QZsokwM4mVDWsDgkl2R/VobK', role='USER', phone='06'}
[INFO ] 2021-11-20 09:51:25.507 [http-nio-8080-exec-8] TransferApplication - getTest
[INFO ] 2021-11-20 09:51:32.800 [http-nio-8080-exec-4] TransferApplication - userName: user3@spring.omg - buddy: user3@spring.omg
[INFO ] 2021-11-20 09:51:32.813 [http-nio-8080-exec-5] TransferApplication - getTest
